<?xml version="1.0" encoding="UTF-8"?>
<!-- Generated by org.testng.reporters.JUnitXMLReporter -->
<testsuite hostname="MacBookPro-de-Benja" failures="100" tests="100" name="Surefire test" time="17.912" errors="0" timestamp="26 Jun 2020 12:54:44 GMT">
  <testcase classname="calculator.TranslatorImplTest" name="testTranslateDummy" time="1.563">
    <failure type="java.lang.AssertionError" message="expected [Hola Mundo] but found []">
      <![CDATA[java.lang.AssertionError: expected [Hola Mundo] but found []
	at calculator.TranslatorImplTest.testTranslateDummy(TranslatorImplTest.java:25)
	at java.base/java.util.concurrent.FutureTask.run(FutureTask.java:264)
	at java.base/java.util.concurrent.ThreadPoolExecutor.runWorker(ThreadPoolExecutor.java:1128)
	at java.base/java.util.concurrent.ThreadPoolExecutor$Worker.run(ThreadPoolExecutor.java:628)
	at java.base/java.lang.Thread.run(Thread.java:830)
... Removed 16 stack frames]]>
    </failure>
  </testcase> <!-- testTranslateDummy -->
  <testcase classname="calculator.TranslatorImplTest" name="testTranslateDummy" time="1.578">
    <failure type="java.lang.AssertionError" message="expected [Hola Mundo] but found []">
      <![CDATA[java.lang.AssertionError: expected [Hola Mundo] but found []
	at calculator.TranslatorImplTest.testTranslateDummy(TranslatorImplTest.java:25)
	at java.base/java.util.concurrent.FutureTask.run(FutureTask.java:264)
	at java.base/java.util.concurrent.ThreadPoolExecutor.runWorker(ThreadPoolExecutor.java:1128)
	at java.base/java.util.concurrent.ThreadPoolExecutor$Worker.run(ThreadPoolExecutor.java:628)
	at java.base/java.lang.Thread.run(Thread.java:830)
... Removed 16 stack frames]]>
    </failure>
  </testcase> <!-- testTranslateDummy -->
  <testcase classname="calculator.TranslatorImplTest" name="testTranslateDummy" time="1.577">
    <failure type="java.lang.AssertionError" message="expected [Hola Mundo] but found []">
      <![CDATA[java.lang.AssertionError: expected [Hola Mundo] but found []
	at calculator.TranslatorImplTest.testTranslateDummy(TranslatorImplTest.java:25)
	at java.base/java.util.concurrent.FutureTask.run(FutureTask.java:264)
	at java.base/java.util.concurrent.ThreadPoolExecutor.runWorker(ThreadPoolExecutor.java:1128)
	at java.base/java.util.concurrent.ThreadPoolExecutor$Worker.run(ThreadPoolExecutor.java:628)
	at java.base/java.lang.Thread.run(Thread.java:830)
... Removed 16 stack frames]]>
    </failure>
  </testcase> <!-- testTranslateDummy -->
  <testcase classname="calculator.TranslatorImplTest" name="testTranslateDummy" time="1.589">
    <failure type="java.lang.AssertionError" message="expected [Hola Mundo] but found []">
      <![CDATA[java.lang.AssertionError: expected [Hola Mundo] but found []
	at calculator.TranslatorImplTest.testTranslateDummy(TranslatorImplTest.java:25)
	at java.base/java.util.concurrent.FutureTask.run(FutureTask.java:264)
	at java.base/java.util.concurrent.ThreadPoolExecutor.runWorker(ThreadPoolExecutor.java:1128)
	at java.base/java.util.concurrent.ThreadPoolExecutor$Worker.run(ThreadPoolExecutor.java:628)
	at java.base/java.lang.Thread.run(Thread.java:830)
... Removed 16 stack frames]]>
    </failure>
  </testcase> <!-- testTranslateDummy -->
  <testcase classname="calculator.TranslatorImplTest" name="testTranslateDummy" time="1.69">
    <failure type="java.lang.AssertionError" message="expected [Hola Mundo] but found []">
      <![CDATA[java.lang.AssertionError: expected [Hola Mundo] but found []
	at calculator.TranslatorImplTest.testTranslateDummy(TranslatorImplTest.java:25)
	at java.base/java.util.concurrent.FutureTask.run(FutureTask.java:264)
	at java.base/java.util.concurrent.ThreadPoolExecutor.runWorker(ThreadPoolExecutor.java:1128)
	at java.base/java.util.concurrent.ThreadPoolExecutor$Worker.run(ThreadPoolExecutor.java:628)
	at java.base/java.lang.Thread.run(Thread.java:830)
... Removed 16 stack frames]]>
    </failure>
  </testcase> <!-- testTranslateDummy -->
  <testcase classname="calculator.TranslatorImplTest" name="testTranslateDummy" time="0.764">
    <failure type="java.lang.AssertionError" message="expected [Hola Mundo] but found []">
      <![CDATA[java.lang.AssertionError: expected [Hola Mundo] but found []
	at calculator.TranslatorImplTest.testTranslateDummy(TranslatorImplTest.java:25)
	at java.base/java.util.concurrent.FutureTask.run(FutureTask.java:264)
	at java.base/java.util.concurrent.ThreadPoolExecutor.runWorker(ThreadPoolExecutor.java:1128)
	at java.base/java.util.concurrent.ThreadPoolExecutor$Worker.run(ThreadPoolExecutor.java:628)
	at java.base/java.lang.Thread.run(Thread.java:830)
... Removed 16 stack frames]]>
    </failure>
  </testcase> <!-- testTranslateDummy -->
  <testcase classname="calculator.TranslatorImplTest" name="testTranslateDummy" time="0.887">
    <failure type="java.lang.AssertionError" message="expected [Hola Mundo] but found []">
      <![CDATA[java.lang.AssertionError: expected [Hola Mundo] but found []
	at calculator.TranslatorImplTest.testTranslateDummy(TranslatorImplTest.java:25)
	at java.base/java.util.concurrent.FutureTask.run(FutureTask.java:264)
	at java.base/java.util.concurrent.ThreadPoolExecutor.runWorker(ThreadPoolExecutor.java:1128)
	at java.base/java.util.concurrent.ThreadPoolExecutor$Worker.run(ThreadPoolExecutor.java:628)
	at java.base/java.lang.Thread.run(Thread.java:830)
... Removed 16 stack frames]]>
    </failure>
  </testcase> <!-- testTranslateDummy -->
  <testcase classname="calculator.TranslatorImplTest" name="testTranslateDummy" time="0.913">
    <failure type="java.lang.AssertionError" message="expected [Hola Mundo] but found []">
      <![CDATA[java.lang.AssertionError: expected [Hola Mundo] but found []
	at calculator.TranslatorImplTest.testTranslateDummy(TranslatorImplTest.java:25)
	at java.base/java.util.concurrent.FutureTask.run(FutureTask.java:264)
	at java.base/java.util.concurrent.ThreadPoolExecutor.runWorker(ThreadPoolExecutor.java:1128)
	at java.base/java.util.concurrent.ThreadPoolExecutor$Worker.run(ThreadPoolExecutor.java:628)
	at java.base/java.lang.Thread.run(Thread.java:830)
... Removed 16 stack frames]]>
    </failure>
  </testcase> <!-- testTranslateDummy -->
  <testcase classname="calculator.TranslatorImplTest" name="testTranslateDummy" time="1.033">
    <failure type="java.lang.AssertionError" message="expected [Hola Mundo] but found []">
      <![CDATA[java.lang.AssertionError: expected [Hola Mundo] but found []
	at calculator.TranslatorImplTest.testTranslateDummy(TranslatorImplTest.java:25)
	at java.base/java.util.concurrent.FutureTask.run(FutureTask.java:264)
	at java.base/java.util.concurrent.ThreadPoolExecutor.runWorker(ThreadPoolExecutor.java:1128)
	at java.base/java.util.concurrent.ThreadPoolExecutor$Worker.run(ThreadPoolExecutor.java:628)
	at java.base/java.lang.Thread.run(Thread.java:830)
... Removed 16 stack frames]]>
    </failure>
  </testcase> <!-- testTranslateDummy -->
  <testcase classname="calculator.TranslatorImplTest" name="testTranslateDummy" time="1.072">
    <failure type="java.lang.AssertionError" message="expected [Hola Mundo] but found []">
      <![CDATA[java.lang.AssertionError: expected [Hola Mundo] but found []
	at calculator.TranslatorImplTest.testTranslateDummy(TranslatorImplTest.java:25)
	at java.base/java.util.concurrent.FutureTask.run(FutureTask.java:264)
	at java.base/java.util.concurrent.ThreadPoolExecutor.runWorker(ThreadPoolExecutor.java:1128)
	at java.base/java.util.concurrent.ThreadPoolExecutor$Worker.run(ThreadPoolExecutor.java:628)
	at java.base/java.lang.Thread.run(Thread.java:830)
... Removed 16 stack frames]]>
    </failure>
  </testcase> <!-- testTranslateDummy -->
  <testcase classname="calculator.TranslatorImplTest" name="testTranslateDummy" time="0.866">
    <failure type="java.lang.AssertionError" message="expected [Hola Mundo] but found []">
      <![CDATA[java.lang.AssertionError: expected [Hola Mundo] but found []
	at calculator.TranslatorImplTest.testTranslateDummy(TranslatorImplTest.java:25)
	at java.base/java.util.concurrent.FutureTask.run(FutureTask.java:264)
	at java.base/java.util.concurrent.ThreadPoolExecutor.runWorker(ThreadPoolExecutor.java:1128)
	at java.base/java.util.concurrent.ThreadPoolExecutor$Worker.run(ThreadPoolExecutor.java:628)
	at java.base/java.lang.Thread.run(Thread.java:830)
... Removed 16 stack frames]]>
    </failure>
  </testcase> <!-- testTranslateDummy -->
  <testcase classname="calculator.TranslatorImplTest" name="testTranslateDummy" time="0.792">
    <failure type="java.lang.AssertionError" message="expected [Hola Mundo] but found []">
      <![CDATA[java.lang.AssertionError: expected [Hola Mundo] but found []
	at calculator.TranslatorImplTest.testTranslateDummy(TranslatorImplTest.java:25)
	at java.base/java.util.concurrent.FutureTask.run(FutureTask.java:264)
	at java.base/java.util.concurrent.ThreadPoolExecutor.runWorker(ThreadPoolExecutor.java:1128)
	at java.base/java.util.concurrent.ThreadPoolExecutor$Worker.run(ThreadPoolExecutor.java:628)
	at java.base/java.lang.Thread.run(Thread.java:830)
... Removed 16 stack frames]]>
    </failure>
  </testcase> <!-- testTranslateDummy -->
  <testcase classname="calculator.TranslatorImplTest" name="testTranslateDummy" time="0.767">
    <failure type="java.lang.AssertionError" message="expected [Hola Mundo] but found []">
      <![CDATA[java.lang.AssertionError: expected [Hola Mundo] but found []
	at calculator.TranslatorImplTest.testTranslateDummy(TranslatorImplTest.java:25)
	at java.base/java.util.concurrent.FutureTask.run(FutureTask.java:264)
	at java.base/java.util.concurrent.ThreadPoolExecutor.runWorker(ThreadPoolExecutor.java:1128)
	at java.base/java.util.concurrent.ThreadPoolExecutor$Worker.run(ThreadPoolExecutor.java:628)
	at java.base/java.lang.Thread.run(Thread.java:830)
... Removed 16 stack frames]]>
    </failure>
  </testcase> <!-- testTranslateDummy -->
  <testcase classname="calculator.TranslatorImplTest" name="testTranslateDummy" time="0.846">
    <failure type="java.lang.AssertionError" message="expected [Hola Mundo] but found []">
      <![CDATA[java.lang.AssertionError: expected [Hola Mundo] but found []
	at calculator.TranslatorImplTest.testTranslateDummy(TranslatorImplTest.java:25)
	at java.base/java.util.concurrent.FutureTask.run(FutureTask.java:264)
	at java.base/java.util.concurrent.ThreadPoolExecutor.runWorker(ThreadPoolExecutor.java:1128)
	at java.base/java.util.concurrent.ThreadPoolExecutor$Worker.run(ThreadPoolExecutor.java:628)
	at java.base/java.lang.Thread.run(Thread.java:830)
... Removed 16 stack frames]]>
    </failure>
  </testcase> <!-- testTranslateDummy -->
  <testcase classname="calculator.TranslatorImplTest" name="testTranslateDummy" time="0.884">
    <failure type="java.lang.AssertionError" message="expected [Hola Mundo] but found []">
      <![CDATA[java.lang.AssertionError: expected [Hola Mundo] but found []
	at calculator.TranslatorImplTest.testTranslateDummy(TranslatorImplTest.java:25)
	at java.base/java.util.concurrent.FutureTask.run(FutureTask.java:264)
	at java.base/java.util.concurrent.ThreadPoolExecutor.runWorker(ThreadPoolExecutor.java:1128)
	at java.base/java.util.concurrent.ThreadPoolExecutor$Worker.run(ThreadPoolExecutor.java:628)
	at java.base/java.lang.Thread.run(Thread.java:830)
... Removed 16 stack frames]]>
    </failure>
  </testcase> <!-- testTranslateDummy -->
  <testcase classname="calculator.TranslatorImplTest" name="testTranslateDummy" time="0.741">
    <failure type="java.lang.AssertionError" message="expected [Hola Mundo] but found []">
      <![CDATA[java.lang.AssertionError: expected [Hola Mundo] but found []
	at calculator.TranslatorImplTest.testTranslateDummy(TranslatorImplTest.java:25)
	at java.base/java.util.concurrent.FutureTask.run(FutureTask.java:264)
	at java.base/java.util.concurrent.ThreadPoolExecutor.runWorker(ThreadPoolExecutor.java:1128)
	at java.base/java.util.concurrent.ThreadPoolExecutor$Worker.run(ThreadPoolExecutor.java:628)
	at java.base/java.lang.Thread.run(Thread.java:830)
... Removed 16 stack frames]]>
    </failure>
  </testcase> <!-- testTranslateDummy -->
  <testcase classname="calculator.TranslatorImplTest" name="testTranslateDummy" time="0.792">
    <failure type="java.lang.AssertionError" message="expected [Hola Mundo] but found []">
      <![CDATA[java.lang.AssertionError: expected [Hola Mundo] but found []
	at calculator.TranslatorImplTest.testTranslateDummy(TranslatorImplTest.java:25)
	at java.base/java.util.concurrent.FutureTask.run(FutureTask.java:264)
	at java.base/java.util.concurrent.ThreadPoolExecutor.runWorker(ThreadPoolExecutor.java:1128)
	at java.base/java.util.concurrent.ThreadPoolExecutor$Worker.run(ThreadPoolExecutor.java:628)
	at java.base/java.lang.Thread.run(Thread.java:830)
... Removed 16 stack frames]]>
    </failure>
  </testcase> <!-- testTranslateDummy -->
  <testcase classname="calculator.TranslatorImplTest" name="testTranslateDummy" time="0.795">
    <failure type="java.lang.AssertionError" message="expected [Hola Mundo] but found []">
      <![CDATA[java.lang.AssertionError: expected [Hola Mundo] but found []
	at calculator.TranslatorImplTest.testTranslateDummy(TranslatorImplTest.java:25)
	at java.base/java.util.concurrent.FutureTask.run(FutureTask.java:264)
	at java.base/java.util.concurrent.ThreadPoolExecutor.runWorker(ThreadPoolExecutor.java:1128)
	at java.base/java.util.concurrent.ThreadPoolExecutor$Worker.run(ThreadPoolExecutor.java:628)
	at java.base/java.lang.Thread.run(Thread.java:830)
... Removed 15 stack frames]]>
    </failure>
  </testcase> <!-- testTranslateDummy -->
  <testcase classname="calculator.TranslatorImplTest" name="testTranslateDummy" time="0.775">
    <failure type="java.lang.AssertionError" message="expected [Hola Mundo] but found []">
      <![CDATA[java.lang.AssertionError: expected [Hola Mundo] but found []
	at calculator.TranslatorImplTest.testTranslateDummy(TranslatorImplTest.java:25)
	at java.base/java.util.concurrent.FutureTask.run(FutureTask.java:264)
	at java.base/java.util.concurrent.ThreadPoolExecutor.runWorker(ThreadPoolExecutor.java:1128)
	at java.base/java.util.concurrent.ThreadPoolExecutor$Worker.run(ThreadPoolExecutor.java:628)
	at java.base/java.lang.Thread.run(Thread.java:830)
... Removed 15 stack frames]]>
    </failure>
  </testcase> <!-- testTranslateDummy -->
  <testcase classname="calculator.TranslatorImplTest" name="testTranslateDummy" time="0.862">
    <failure type="java.lang.AssertionError" message="expected [Hola Mundo] but found []">
      <![CDATA[java.lang.AssertionError: expected [Hola Mundo] but found []
	at calculator.TranslatorImplTest.testTranslateDummy(TranslatorImplTest.java:25)
	at java.base/java.util.concurrent.FutureTask.run(FutureTask.java:264)
	at java.base/java.util.concurrent.ThreadPoolExecutor.runWorker(ThreadPoolExecutor.java:1128)
	at java.base/java.util.concurrent.ThreadPoolExecutor$Worker.run(ThreadPoolExecutor.java:628)
	at java.base/java.lang.Thread.run(Thread.java:830)
... Removed 15 stack frames]]>
    </failure>
  </testcase> <!-- testTranslateDummy -->
  <testcase classname="calculator.TranslatorImplTest" name="testTranslateDummy" time="0.789">
    <failure type="java.lang.AssertionError" message="expected [Hola Mundo] but found []">
      <![CDATA[java.lang.AssertionError: expected [Hola Mundo] but found []
	at calculator.TranslatorImplTest.testTranslateDummy(TranslatorImplTest.java:25)
	at java.base/java.util.concurrent.FutureTask.run(FutureTask.java:264)
	at java.base/java.util.concurrent.ThreadPoolExecutor.runWorker(ThreadPoolExecutor.java:1128)
	at java.base/java.util.concurrent.ThreadPoolExecutor$Worker.run(ThreadPoolExecutor.java:628)
	at java.base/java.lang.Thread.run(Thread.java:830)
... Removed 15 stack frames]]>
    </failure>
  </testcase> <!-- testTranslateDummy -->
  <testcase classname="calculator.TranslatorImplTest" name="testTranslateDummy" time="0.816">
    <failure type="java.lang.AssertionError" message="expected [Hola Mundo] but found []">
      <![CDATA[java.lang.AssertionError: expected [Hola Mundo] but found []
	at calculator.TranslatorImplTest.testTranslateDummy(TranslatorImplTest.java:25)
	at java.base/java.util.concurrent.FutureTask.run(FutureTask.java:264)
	at java.base/java.util.concurrent.ThreadPoolExecutor.runWorker(ThreadPoolExecutor.java:1128)
	at java.base/java.util.concurrent.ThreadPoolExecutor$Worker.run(ThreadPoolExecutor.java:628)
	at java.base/java.lang.Thread.run(Thread.java:830)
... Removed 15 stack frames]]>
    </failure>
  </testcase> <!-- testTranslateDummy -->
  <testcase classname="calculator.TranslatorImplTest" name="testTranslateDummy" time="0.77">
    <failure type="java.lang.AssertionError" message="expected [Hola Mundo] but found []">
      <![CDATA[java.lang.AssertionError: expected [Hola Mundo] but found []
	at calculator.TranslatorImplTest.testTranslateDummy(TranslatorImplTest.java:25)
	at java.base/java.util.concurrent.FutureTask.run(FutureTask.java:264)
	at java.base/java.util.concurrent.ThreadPoolExecutor.runWorker(ThreadPoolExecutor.java:1128)
	at java.base/java.util.concurrent.ThreadPoolExecutor$Worker.run(ThreadPoolExecutor.java:628)
	at java.base/java.lang.Thread.run(Thread.java:830)
... Removed 15 stack frames]]>
    </failure>
  </testcase> <!-- testTranslateDummy -->
  <testcase classname="calculator.TranslatorImplTest" name="testTranslateDummy" time="0.75">
    <failure type="java.lang.AssertionError" message="expected [Hola Mundo] but found []">
      <![CDATA[java.lang.AssertionError: expected [Hola Mundo] but found []
	at calculator.TranslatorImplTest.testTranslateDummy(TranslatorImplTest.java:25)
	at java.base/java.util.concurrent.FutureTask.run(FutureTask.java:264)
	at java.base/java.util.concurrent.ThreadPoolExecutor.runWorker(ThreadPoolExecutor.java:1128)
	at java.base/java.util.concurrent.ThreadPoolExecutor$Worker.run(ThreadPoolExecutor.java:628)
	at java.base/java.lang.Thread.run(Thread.java:830)
... Removed 15 stack frames]]>
    </failure>
  </testcase> <!-- testTranslateDummy -->
  <testcase classname="calculator.TranslatorImplTest" name="testTranslateDummy" time="0.853">
    <failure type="java.lang.AssertionError" message="expected [Hola Mundo] but found []">
      <![CDATA[java.lang.AssertionError: expected [Hola Mundo] but found []
	at calculator.TranslatorImplTest.testTranslateDummy(TranslatorImplTest.java:25)
	at java.base/java.util.concurrent.FutureTask.run(FutureTask.java:264)
	at java.base/java.util.concurrent.ThreadPoolExecutor.runWorker(ThreadPoolExecutor.java:1128)
	at java.base/java.util.concurrent.ThreadPoolExecutor$Worker.run(ThreadPoolExecutor.java:628)
	at java.base/java.lang.Thread.run(Thread.java:830)
... Removed 15 stack frames]]>
    </failure>
  </testcase> <!-- testTranslateDummy -->
  <testcase classname="calculator.TranslatorImplTest" name="testTranslateDummy" time="0.752">
    <failure type="java.lang.AssertionError" message="expected [Hola Mundo] but found []">
      <![CDATA[java.lang.AssertionError: expected [Hola Mundo] but found []
	at calculator.TranslatorImplTest.testTranslateDummy(TranslatorImplTest.java:25)
	at java.base/java.util.concurrent.FutureTask.run(FutureTask.java:264)
	at java.base/java.util.concurrent.ThreadPoolExecutor.runWorker(ThreadPoolExecutor.java:1128)
	at java.base/java.util.concurrent.ThreadPoolExecutor$Worker.run(ThreadPoolExecutor.java:628)
	at java.base/java.lang.Thread.run(Thread.java:830)
... Removed 15 stack frames]]>
    </failure>
  </testcase> <!-- testTranslateDummy -->
  <testcase classname="calculator.TranslatorImplTest" name="testTranslateDummy" time="0.892">
    <failure type="java.lang.AssertionError" message="expected [Hola Mundo] but found []">
      <![CDATA[java.lang.AssertionError: expected [Hola Mundo] but found []
	at calculator.TranslatorImplTest.testTranslateDummy(TranslatorImplTest.java:25)
	at java.base/java.util.concurrent.FutureTask.run(FutureTask.java:264)
	at java.base/java.util.concurrent.ThreadPoolExecutor.runWorker(ThreadPoolExecutor.java:1128)
	at java.base/java.util.concurrent.ThreadPoolExecutor$Worker.run(ThreadPoolExecutor.java:628)
	at java.base/java.lang.Thread.run(Thread.java:830)
... Removed 15 stack frames]]>
    </failure>
  </testcase> <!-- testTranslateDummy -->
  <testcase classname="calculator.TranslatorImplTest" name="testTranslateDummy" time="0.813">
    <failure type="java.lang.AssertionError" message="expected [Hola Mundo] but found []">
      <![CDATA[java.lang.AssertionError: expected [Hola Mundo] but found []
	at calculator.TranslatorImplTest.testTranslateDummy(TranslatorImplTest.java:25)
	at java.base/java.util.concurrent.FutureTask.run(FutureTask.java:264)
	at java.base/java.util.concurrent.ThreadPoolExecutor.runWorker(ThreadPoolExecutor.java:1128)
	at java.base/java.util.concurrent.ThreadPoolExecutor$Worker.run(ThreadPoolExecutor.java:628)
	at java.base/java.lang.Thread.run(Thread.java:830)
... Removed 15 stack frames]]>
    </failure>
  </testcase> <!-- testTranslateDummy -->
  <testcase classname="calculator.TranslatorImplTest" name="testTranslateDummy" time="0.835">
    <failure type="java.lang.AssertionError" message="expected [Hola Mundo] but found []">
      <![CDATA[java.lang.AssertionError: expected [Hola Mundo] but found []
	at calculator.TranslatorImplTest.testTranslateDummy(TranslatorImplTest.java:25)
	at java.base/java.util.concurrent.FutureTask.run(FutureTask.java:264)
	at java.base/java.util.concurrent.ThreadPoolExecutor.runWorker(ThreadPoolExecutor.java:1128)
	at java.base/java.util.concurrent.ThreadPoolExecutor$Worker.run(ThreadPoolExecutor.java:628)
	at java.base/java.lang.Thread.run(Thread.java:830)
... Removed 15 stack frames]]>
    </failure>
  </testcase> <!-- testTranslateDummy -->
  <testcase classname="calculator.TranslatorImplTest" name="testTranslateDummy" time="1.096">
    <failure type="java.lang.AssertionError" message="expected [Hola Mundo] but found []">
      <![CDATA[java.lang.AssertionError: expected [Hola Mundo] but found []
	at calculator.TranslatorImplTest.testTranslateDummy(TranslatorImplTest.java:25)
	at java.base/java.util.concurrent.FutureTask.run(FutureTask.java:264)
	at java.base/java.util.concurrent.ThreadPoolExecutor.runWorker(ThreadPoolExecutor.java:1128)
	at java.base/java.util.concurrent.ThreadPoolExecutor$Worker.run(ThreadPoolExecutor.java:628)
	at java.base/java.lang.Thread.run(Thread.java:830)
... Removed 15 stack frames]]>
    </failure>
  </testcase> <!-- testTranslateDummy -->
  <testcase classname="calculator.TranslatorImplTest" name="testTranslateDummy" time="0.799">
    <failure type="java.lang.AssertionError" message="expected [Hola Mundo] but found []">
      <![CDATA[java.lang.AssertionError: expected [Hola Mundo] but found []
	at calculator.TranslatorImplTest.testTranslateDummy(TranslatorImplTest.java:25)
	at java.base/java.util.concurrent.FutureTask.run(FutureTask.java:264)
	at java.base/java.util.concurrent.ThreadPoolExecutor.runWorker(ThreadPoolExecutor.java:1128)
	at java.base/java.util.concurrent.ThreadPoolExecutor$Worker.run(ThreadPoolExecutor.java:628)
	at java.base/java.lang.Thread.run(Thread.java:830)
... Removed 15 stack frames]]>
    </failure>
  </testcase> <!-- testTranslateDummy -->
  <testcase classname="calculator.TranslatorImplTest" name="testTranslateDummy" time="0.747">
    <failure type="java.lang.AssertionError" message="expected [Hola Mundo] but found []">
      <![CDATA[java.lang.AssertionError: expected [Hola Mundo] but found []
	at calculator.TranslatorImplTest.testTranslateDummy(TranslatorImplTest.java:25)
	at java.base/java.util.concurrent.FutureTask.run(FutureTask.java:264)
	at java.base/java.util.concurrent.ThreadPoolExecutor.runWorker(ThreadPoolExecutor.java:1128)
	at java.base/java.util.concurrent.ThreadPoolExecutor$Worker.run(ThreadPoolExecutor.java:628)
	at java.base/java.lang.Thread.run(Thread.java:830)
... Removed 15 stack frames]]>
    </failure>
  </testcase> <!-- testTranslateDummy -->
  <testcase classname="calculator.TranslatorImplTest" name="testTranslateDummy" time="0.808">
    <failure type="java.lang.AssertionError" message="expected [Hola Mundo] but found []">
      <![CDATA[java.lang.AssertionError: expected [Hola Mundo] but found []
	at calculator.TranslatorImplTest.testTranslateDummy(TranslatorImplTest.java:25)
	at java.base/java.util.concurrent.FutureTask.run(FutureTask.java:264)
	at java.base/java.util.concurrent.ThreadPoolExecutor.runWorker(ThreadPoolExecutor.java:1128)
	at java.base/java.util.concurrent.ThreadPoolExecutor$Worker.run(ThreadPoolExecutor.java:628)
	at java.base/java.lang.Thread.run(Thread.java:830)
... Removed 15 stack frames]]>
    </failure>
  </testcase> <!-- testTranslateDummy -->
  <testcase classname="calculator.TranslatorImplTest" name="testTranslateDummy" time="1.082">
    <failure type="java.lang.AssertionError" message="expected [Hola Mundo] but found []">
      <![CDATA[java.lang.AssertionError: expected [Hola Mundo] but found []
	at calculator.TranslatorImplTest.testTranslateDummy(TranslatorImplTest.java:25)
	at java.base/java.util.concurrent.FutureTask.run(FutureTask.java:264)
	at java.base/java.util.concurrent.ThreadPoolExecutor.runWorker(ThreadPoolExecutor.java:1128)
	at java.base/java.util.concurrent.ThreadPoolExecutor$Worker.run(ThreadPoolExecutor.java:628)
	at java.base/java.lang.Thread.run(Thread.java:830)
... Removed 15 stack frames]]>
    </failure>
  </testcase> <!-- testTranslateDummy -->
  <testcase classname="calculator.TranslatorImplTest" name="testTranslateDummy" time="0.788">
    <failure type="java.lang.AssertionError" message="expected [Hola Mundo] but found []">
      <![CDATA[java.lang.AssertionError: expected [Hola Mundo] but found []
	at calculator.TranslatorImplTest.testTranslateDummy(TranslatorImplTest.java:25)
	at java.base/java.util.concurrent.FutureTask.run(FutureTask.java:264)
	at java.base/java.util.concurrent.ThreadPoolExecutor.runWorker(ThreadPoolExecutor.java:1128)
	at java.base/java.util.concurrent.ThreadPoolExecutor$Worker.run(ThreadPoolExecutor.java:628)
	at java.base/java.lang.Thread.run(Thread.java:830)
... Removed 15 stack frames]]>
    </failure>
  </testcase> <!-- testTranslateDummy -->
  <testcase classname="calculator.TranslatorImplTest" name="testTranslateDummy" time="0.755">
    <failure type="java.lang.AssertionError" message="expected [Hola Mundo] but found []">
      <![CDATA[java.lang.AssertionError: expected [Hola Mundo] but found []
	at calculator.TranslatorImplTest.testTranslateDummy(TranslatorImplTest.java:25)
	at java.base/java.util.concurrent.FutureTask.run(FutureTask.java:264)
	at java.base/java.util.concurrent.ThreadPoolExecutor.runWorker(ThreadPoolExecutor.java:1128)
	at java.base/java.util.concurrent.ThreadPoolExecutor$Worker.run(ThreadPoolExecutor.java:628)
	at java.base/java.lang.Thread.run(Thread.java:830)
... Removed 15 stack frames]]>
    </failure>
  </testcase> <!-- testTranslateDummy -->
  <testcase classname="calculator.TranslatorImplTest" name="testTranslateDummy" time="0.814">
    <failure type="java.lang.AssertionError" message="expected [Hola Mundo] but found []">
      <![CDATA[java.lang.AssertionError: expected [Hola Mundo] but found []
	at calculator.TranslatorImplTest.testTranslateDummy(TranslatorImplTest.java:25)
	at java.base/java.util.concurrent.FutureTask.run(FutureTask.java:264)
	at java.base/java.util.concurrent.ThreadPoolExecutor.runWorker(ThreadPoolExecutor.java:1128)
	at java.base/java.util.concurrent.ThreadPoolExecutor$Worker.run(ThreadPoolExecutor.java:628)
	at java.base/java.lang.Thread.run(Thread.java:830)
... Removed 15 stack frames]]>
    </failure>
  </testcase> <!-- testTranslateDummy -->
  <testcase classname="calculator.TranslatorImplTest" name="testTranslateDummy" time="0.766">
    <failure type="java.lang.AssertionError" message="expected [Hola Mundo] but found []">
      <![CDATA[java.lang.AssertionError: expected [Hola Mundo] but found []
	at calculator.TranslatorImplTest.testTranslateDummy(TranslatorImplTest.java:25)
	at java.base/java.util.concurrent.FutureTask.run(FutureTask.java:264)
	at java.base/java.util.concurrent.ThreadPoolExecutor.runWorker(ThreadPoolExecutor.java:1128)
	at java.base/java.util.concurrent.ThreadPoolExecutor$Worker.run(ThreadPoolExecutor.java:628)
	at java.base/java.lang.Thread.run(Thread.java:830)
... Removed 15 stack frames]]>
    </failure>
  </testcase> <!-- testTranslateDummy -->
  <testcase classname="calculator.TranslatorImplTest" name="testTranslateDummy" time="0.782">
    <failure type="java.lang.AssertionError" message="expected [Hola Mundo] but found []">
      <![CDATA[java.lang.AssertionError: expected [Hola Mundo] but found []
	at calculator.TranslatorImplTest.testTranslateDummy(TranslatorImplTest.java:25)
	at java.base/java.util.concurrent.FutureTask.run(FutureTask.java:264)
	at java.base/java.util.concurrent.ThreadPoolExecutor.runWorker(ThreadPoolExecutor.java:1128)
	at java.base/java.util.concurrent.ThreadPoolExecutor$Worker.run(ThreadPoolExecutor.java:628)
	at java.base/java.lang.Thread.run(Thread.java:830)
... Removed 15 stack frames]]>
    </failure>
  </testcase> <!-- testTranslateDummy -->
  <testcase classname="calculator.TranslatorImplTest" name="testTranslateDummy" time="0.714">
    <failure type="java.lang.AssertionError" message="expected [Hola Mundo] but found []">
      <![CDATA[java.lang.AssertionError: expected [Hola Mundo] but found []
	at calculator.TranslatorImplTest.testTranslateDummy(TranslatorImplTest.java:25)
	at java.base/java.util.concurrent.FutureTask.run(FutureTask.java:264)
	at java.base/java.util.concurrent.ThreadPoolExecutor.runWorker(ThreadPoolExecutor.java:1128)
	at java.base/java.util.concurrent.ThreadPoolExecutor$Worker.run(ThreadPoolExecutor.java:628)
	at java.base/java.lang.Thread.run(Thread.java:830)
... Removed 15 stack frames]]>
    </failure>
  </testcase> <!-- testTranslateDummy -->
  <testcase classname="calculator.TranslatorImplTest" name="testTranslateDummy" time="0.84">
    <failure type="java.lang.AssertionError" message="expected [Hola Mundo] but found []">
      <![CDATA[java.lang.AssertionError: expected [Hola Mundo] but found []
	at calculator.TranslatorImplTest.testTranslateDummy(TranslatorImplTest.java:25)
	at java.base/java.util.concurrent.FutureTask.run(FutureTask.java:264)
	at java.base/java.util.concurrent.ThreadPoolExecutor.runWorker(ThreadPoolExecutor.java:1128)
	at java.base/java.util.concurrent.ThreadPoolExecutor$Worker.run(ThreadPoolExecutor.java:628)
	at java.base/java.lang.Thread.run(Thread.java:830)
... Removed 15 stack frames]]>
    </failure>
  </testcase> <!-- testTranslateDummy -->
  <testcase classname="calculator.TranslatorImplTest" name="testTranslateDummy" time="0.823">
    <failure type="java.lang.AssertionError" message="expected [Hola Mundo] but found []">
      <![CDATA[java.lang.AssertionError: expected [Hola Mundo] but found []
	at calculator.TranslatorImplTest.testTranslateDummy(TranslatorImplTest.java:25)
	at java.base/java.util.concurrent.FutureTask.run(FutureTask.java:264)
	at java.base/java.util.concurrent.ThreadPoolExecutor.runWorker(ThreadPoolExecutor.java:1128)
	at java.base/java.util.concurrent.ThreadPoolExecutor$Worker.run(ThreadPoolExecutor.java:628)
	at java.base/java.lang.Thread.run(Thread.java:830)
... Removed 15 stack frames]]>
    </failure>
  </testcase> <!-- testTranslateDummy -->
  <testcase classname="calculator.TranslatorImplTest" name="testTranslateDummy" time="0.813">
    <failure type="java.lang.AssertionError" message="expected [Hola Mundo] but found []">
      <![CDATA[java.lang.AssertionError: expected [Hola Mundo] but found []
	at calculator.TranslatorImplTest.testTranslateDummy(TranslatorImplTest.java:25)
	at java.base/java.util.concurrent.FutureTask.run(FutureTask.java:264)
	at java.base/java.util.concurrent.ThreadPoolExecutor.runWorker(ThreadPoolExecutor.java:1128)
	at java.base/java.util.concurrent.ThreadPoolExecutor$Worker.run(ThreadPoolExecutor.java:628)
	at java.base/java.lang.Thread.run(Thread.java:830)
... Removed 15 stack frames]]>
    </failure>
  </testcase> <!-- testTranslateDummy -->
  <testcase classname="calculator.TranslatorImplTest" name="testTranslateDummy" time="0.752">
    <failure type="java.lang.AssertionError" message="expected [Hola Mundo] but found []">
      <![CDATA[java.lang.AssertionError: expected [Hola Mundo] but found []
	at calculator.TranslatorImplTest.testTranslateDummy(TranslatorImplTest.java:25)
	at java.base/java.util.concurrent.FutureTask.run(FutureTask.java:264)
	at java.base/java.util.concurrent.ThreadPoolExecutor.runWorker(ThreadPoolExecutor.java:1128)
	at java.base/java.util.concurrent.ThreadPoolExecutor$Worker.run(ThreadPoolExecutor.java:628)
	at java.base/java.lang.Thread.run(Thread.java:830)
... Removed 15 stack frames]]>
    </failure>
  </testcase> <!-- testTranslateDummy -->
  <testcase classname="calculator.TranslatorImplTest" name="testTranslateDummy" time="0.805">
    <failure type="java.lang.AssertionError" message="expected [Hola Mundo] but found []">
      <![CDATA[java.lang.AssertionError: expected [Hola Mundo] but found []
	at calculator.TranslatorImplTest.testTranslateDummy(TranslatorImplTest.java:25)
	at java.base/java.util.concurrent.FutureTask.run(FutureTask.java:264)
	at java.base/java.util.concurrent.ThreadPoolExecutor.runWorker(ThreadPoolExecutor.java:1128)
	at java.base/java.util.concurrent.ThreadPoolExecutor$Worker.run(ThreadPoolExecutor.java:628)
	at java.base/java.lang.Thread.run(Thread.java:830)
... Removed 15 stack frames]]>
    </failure>
  </testcase> <!-- testTranslateDummy -->
  <testcase classname="calculator.TranslatorImplTest" name="testTranslateDummy" time="0.834">
    <failure type="java.lang.AssertionError" message="expected [Hola Mundo] but found []">
      <![CDATA[java.lang.AssertionError: expected [Hola Mundo] but found []
	at calculator.TranslatorImplTest.testTranslateDummy(TranslatorImplTest.java:25)
	at java.base/java.util.concurrent.FutureTask.run(FutureTask.java:264)
	at java.base/java.util.concurrent.ThreadPoolExecutor.runWorker(ThreadPoolExecutor.java:1128)
	at java.base/java.util.concurrent.ThreadPoolExecutor$Worker.run(ThreadPoolExecutor.java:628)
	at java.base/java.lang.Thread.run(Thread.java:830)
... Removed 15 stack frames]]>
    </failure>
  </testcase> <!-- testTranslateDummy -->
  <testcase classname="calculator.TranslatorImplTest" name="testTranslateDummy" time="0.8">
    <failure type="java.lang.AssertionError" message="expected [Hola Mundo] but found []">
      <![CDATA[java.lang.AssertionError: expected [Hola Mundo] but found []
	at calculator.TranslatorImplTest.testTranslateDummy(TranslatorImplTest.java:25)
	at java.base/java.util.concurrent.FutureTask.run(FutureTask.java:264)
	at java.base/java.util.concurrent.ThreadPoolExecutor.runWorker(ThreadPoolExecutor.java:1128)
	at java.base/java.util.concurrent.ThreadPoolExecutor$Worker.run(ThreadPoolExecutor.java:628)
	at java.base/java.lang.Thread.run(Thread.java:830)
... Removed 15 stack frames]]>
    </failure>
  </testcase> <!-- testTranslateDummy -->
  <testcase classname="calculator.TranslatorImplTest" name="testTranslateDummy" time="0.773">
    <failure type="java.lang.AssertionError" message="expected [Hola Mundo] but found []">
      <![CDATA[java.lang.AssertionError: expected [Hola Mundo] but found []
	at calculator.TranslatorImplTest.testTranslateDummy(TranslatorImplTest.java:25)
	at java.base/java.util.concurrent.FutureTask.run(FutureTask.java:264)
	at java.base/java.util.concurrent.ThreadPoolExecutor.runWorker(ThreadPoolExecutor.java:1128)
	at java.base/java.util.concurrent.ThreadPoolExecutor$Worker.run(ThreadPoolExecutor.java:628)
	at java.base/java.lang.Thread.run(Thread.java:830)
... Removed 15 stack frames]]>
    </failure>
  </testcase> <!-- testTranslateDummy -->
  <testcase classname="calculator.TranslatorImplTest" name="testTranslateDummy" time="0.971">
    <failure type="java.lang.AssertionError" message="expected [Hola Mundo] but found []">
      <![CDATA[java.lang.AssertionError: expected [Hola Mundo] but found []
	at calculator.TranslatorImplTest.testTranslateDummy(TranslatorImplTest.java:25)
	at java.base/java.util.concurrent.FutureTask.run(FutureTask.java:264)
	at java.base/java.util.concurrent.ThreadPoolExecutor.runWorker(ThreadPoolExecutor.java:1128)
	at java.base/java.util.concurrent.ThreadPoolExecutor$Worker.run(ThreadPoolExecutor.java:628)
	at java.base/java.lang.Thread.run(Thread.java:830)
... Removed 15 stack frames]]>
    </failure>
  </testcase> <!-- testTranslateDummy -->
  <testcase classname="calculator.TranslatorImplTest" name="testTranslateDummy" time="0.706">
    <failure type="java.lang.AssertionError" message="expected [Hola Mundo] but found []">
      <![CDATA[java.lang.AssertionError: expected [Hola Mundo] but found []
	at calculator.TranslatorImplTest.testTranslateDummy(TranslatorImplTest.java:25)
	at java.base/java.util.concurrent.FutureTask.run(FutureTask.java:264)
	at java.base/java.util.concurrent.ThreadPoolExecutor.runWorker(ThreadPoolExecutor.java:1128)
	at java.base/java.util.concurrent.ThreadPoolExecutor$Worker.run(ThreadPoolExecutor.java:628)
	at java.base/java.lang.Thread.run(Thread.java:830)
... Removed 15 stack frames]]>
    </failure>
  </testcase> <!-- testTranslateDummy -->
  <testcase classname="calculator.TranslatorImplTest" name="testTranslateDummy" time="0.849">
    <failure type="java.lang.AssertionError" message="expected [Hola Mundo] but found []">
      <![CDATA[java.lang.AssertionError: expected [Hola Mundo] but found []
	at calculator.TranslatorImplTest.testTranslateDummy(TranslatorImplTest.java:25)
	at java.base/java.util.concurrent.FutureTask.run(FutureTask.java:264)
	at java.base/java.util.concurrent.ThreadPoolExecutor.runWorker(ThreadPoolExecutor.java:1128)
	at java.base/java.util.concurrent.ThreadPoolExecutor$Worker.run(ThreadPoolExecutor.java:628)
	at java.base/java.lang.Thread.run(Thread.java:830)
... Removed 15 stack frames]]>
    </failure>
  </testcase> <!-- testTranslateDummy -->
  <testcase classname="calculator.TranslatorImplTest" name="testTranslateDummy" time="0.772">
    <failure type="java.lang.AssertionError" message="expected [Hola Mundo] but found []">
      <![CDATA[java.lang.AssertionError: expected [Hola Mundo] but found []
	at calculator.TranslatorImplTest.testTranslateDummy(TranslatorImplTest.java:25)
	at java.base/java.util.concurrent.FutureTask.run(FutureTask.java:264)
	at java.base/java.util.concurrent.ThreadPoolExecutor.runWorker(ThreadPoolExecutor.java:1128)
	at java.base/java.util.concurrent.ThreadPoolExecutor$Worker.run(ThreadPoolExecutor.java:628)
	at java.base/java.lang.Thread.run(Thread.java:830)
... Removed 15 stack frames]]>
    </failure>
  </testcase> <!-- testTranslateDummy -->
  <testcase classname="calculator.TranslatorImplTest" name="testTranslateDummy" time="0.762">
    <failure type="java.lang.AssertionError" message="expected [Hola Mundo] but found []">
      <![CDATA[java.lang.AssertionError: expected [Hola Mundo] but found []
	at calculator.TranslatorImplTest.testTranslateDummy(TranslatorImplTest.java:25)
	at java.base/java.util.concurrent.FutureTask.run(FutureTask.java:264)
	at java.base/java.util.concurrent.ThreadPoolExecutor.runWorker(ThreadPoolExecutor.java:1128)
	at java.base/java.util.concurrent.ThreadPoolExecutor$Worker.run(ThreadPoolExecutor.java:628)
	at java.base/java.lang.Thread.run(Thread.java:830)
... Removed 15 stack frames]]>
    </failure>
  </testcase> <!-- testTranslateDummy -->
  <testcase classname="calculator.TranslatorImplTest" name="testTranslateDummy" time="1.021">
    <failure type="java.lang.AssertionError" message="expected [Hola Mundo] but found []">
      <![CDATA[java.lang.AssertionError: expected [Hola Mundo] but found []
	at calculator.TranslatorImplTest.testTranslateDummy(TranslatorImplTest.java:25)
	at java.base/java.util.concurrent.FutureTask.run(FutureTask.java:264)
	at java.base/java.util.concurrent.ThreadPoolExecutor.runWorker(ThreadPoolExecutor.java:1128)
	at java.base/java.util.concurrent.ThreadPoolExecutor$Worker.run(ThreadPoolExecutor.java:628)
	at java.base/java.lang.Thread.run(Thread.java:830)
... Removed 15 stack frames]]>
    </failure>
  </testcase> <!-- testTranslateDummy -->
  <testcase classname="calculator.TranslatorImplTest" name="testTranslateDummy" time="1.155">
    <failure type="java.lang.AssertionError" message="expected [Hola Mundo] but found []">
      <![CDATA[java.lang.AssertionError: expected [Hola Mundo] but found []
	at calculator.TranslatorImplTest.testTranslateDummy(TranslatorImplTest.java:25)
	at java.base/java.util.concurrent.FutureTask.run(FutureTask.java:264)
	at java.base/java.util.concurrent.ThreadPoolExecutor.runWorker(ThreadPoolExecutor.java:1128)
	at java.base/java.util.concurrent.ThreadPoolExecutor$Worker.run(ThreadPoolExecutor.java:628)
	at java.base/java.lang.Thread.run(Thread.java:830)
... Removed 15 stack frames]]>
    </failure>
  </testcase> <!-- testTranslateDummy -->
  <testcase classname="calculator.TranslatorImplTest" name="testTranslateDummy" time="0.76">
    <failure type="java.lang.AssertionError" message="expected [Hola Mundo] but found []">
      <![CDATA[java.lang.AssertionError: expected [Hola Mundo] but found []
	at calculator.TranslatorImplTest.testTranslateDummy(TranslatorImplTest.java:25)
	at java.base/java.util.concurrent.FutureTask.run(FutureTask.java:264)
	at java.base/java.util.concurrent.ThreadPoolExecutor.runWorker(ThreadPoolExecutor.java:1128)
	at java.base/java.util.concurrent.ThreadPoolExecutor$Worker.run(ThreadPoolExecutor.java:628)
	at java.base/java.lang.Thread.run(Thread.java:830)
... Removed 15 stack frames]]>
    </failure>
  </testcase> <!-- testTranslateDummy -->
  <testcase classname="calculator.TranslatorImplTest" name="testTranslateDummy" time="0.771">
    <failure type="java.lang.AssertionError" message="expected [Hola Mundo] but found []">
      <![CDATA[java.lang.AssertionError: expected [Hola Mundo] but found []
	at calculator.TranslatorImplTest.testTranslateDummy(TranslatorImplTest.java:25)
	at java.base/java.util.concurrent.FutureTask.run(FutureTask.java:264)
	at java.base/java.util.concurrent.ThreadPoolExecutor.runWorker(ThreadPoolExecutor.java:1128)
	at java.base/java.util.concurrent.ThreadPoolExecutor$Worker.run(ThreadPoolExecutor.java:628)
	at java.base/java.lang.Thread.run(Thread.java:830)
... Removed 15 stack frames]]>
    </failure>
  </testcase> <!-- testTranslateDummy -->
  <testcase classname="calculator.TranslatorImplTest" name="testTranslateDummy" time="0.815">
    <failure type="java.lang.AssertionError" message="expected [Hola Mundo] but found []">
      <![CDATA[java.lang.AssertionError: expected [Hola Mundo] but found []
	at calculator.TranslatorImplTest.testTranslateDummy(TranslatorImplTest.java:25)
	at java.base/java.util.concurrent.FutureTask.run(FutureTask.java:264)
	at java.base/java.util.concurrent.ThreadPoolExecutor.runWorker(ThreadPoolExecutor.java:1128)
	at java.base/java.util.concurrent.ThreadPoolExecutor$Worker.run(ThreadPoolExecutor.java:628)
	at java.base/java.lang.Thread.run(Thread.java:830)
... Removed 15 stack frames]]>
    </failure>
  </testcase> <!-- testTranslateDummy -->
  <testcase classname="calculator.TranslatorImplTest" name="testTranslateDummy" time="0.791">
    <failure type="java.lang.AssertionError" message="expected [Hola Mundo] but found []">
      <![CDATA[java.lang.AssertionError: expected [Hola Mundo] but found []
	at calculator.TranslatorImplTest.testTranslateDummy(TranslatorImplTest.java:25)
	at java.base/java.util.concurrent.FutureTask.run(FutureTask.java:264)
	at java.base/java.util.concurrent.ThreadPoolExecutor.runWorker(ThreadPoolExecutor.java:1128)
	at java.base/java.util.concurrent.ThreadPoolExecutor$Worker.run(ThreadPoolExecutor.java:628)
	at java.base/java.lang.Thread.run(Thread.java:830)
... Removed 15 stack frames]]>
    </failure>
  </testcase> <!-- testTranslateDummy -->
  <testcase classname="calculator.TranslatorImplTest" name="testTranslateDummy" time="0.765">
    <failure type="java.lang.AssertionError" message="expected [Hola Mundo] but found []">
      <![CDATA[java.lang.AssertionError: expected [Hola Mundo] but found []
	at calculator.TranslatorImplTest.testTranslateDummy(TranslatorImplTest.java:25)
	at java.base/java.util.concurrent.FutureTask.run(FutureTask.java:264)
	at java.base/java.util.concurrent.ThreadPoolExecutor.runWorker(ThreadPoolExecutor.java:1128)
	at java.base/java.util.concurrent.ThreadPoolExecutor$Worker.run(ThreadPoolExecutor.java:628)
	at java.base/java.lang.Thread.run(Thread.java:830)
... Removed 15 stack frames]]>
    </failure>
  </testcase> <!-- testTranslateDummy -->
  <testcase classname="calculator.TranslatorImplTest" name="testTranslateDummy" time="0.777">
    <failure type="java.lang.AssertionError" message="expected [Hola Mundo] but found []">
      <![CDATA[java.lang.AssertionError: expected [Hola Mundo] but found []
	at calculator.TranslatorImplTest.testTranslateDummy(TranslatorImplTest.java:25)
	at java.base/java.util.concurrent.FutureTask.run(FutureTask.java:264)
	at java.base/java.util.concurrent.ThreadPoolExecutor.runWorker(ThreadPoolExecutor.java:1128)
	at java.base/java.util.concurrent.ThreadPoolExecutor$Worker.run(ThreadPoolExecutor.java:628)
	at java.base/java.lang.Thread.run(Thread.java:830)
... Removed 15 stack frames]]>
    </failure>
  </testcase> <!-- testTranslateDummy -->
  <testcase classname="calculator.TranslatorImplTest" name="testTranslateDummy" time="0.775">
    <failure type="java.lang.AssertionError" message="expected [Hola Mundo] but found []">
      <![CDATA[java.lang.AssertionError: expected [Hola Mundo] but found []
	at calculator.TranslatorImplTest.testTranslateDummy(TranslatorImplTest.java:25)
	at java.base/java.util.concurrent.FutureTask.run(FutureTask.java:264)
	at java.base/java.util.concurrent.ThreadPoolExecutor.runWorker(ThreadPoolExecutor.java:1128)
	at java.base/java.util.concurrent.ThreadPoolExecutor$Worker.run(ThreadPoolExecutor.java:628)
	at java.base/java.lang.Thread.run(Thread.java:830)
... Removed 15 stack frames]]>
    </failure>
  </testcase> <!-- testTranslateDummy -->
  <testcase classname="calculator.TranslatorImplTest" name="testTranslateDummy" time="0.796">
    <failure type="java.lang.AssertionError" message="expected [Hola Mundo] but found []">
      <![CDATA[java.lang.AssertionError: expected [Hola Mundo] but found []
	at calculator.TranslatorImplTest.testTranslateDummy(TranslatorImplTest.java:25)
	at java.base/java.util.concurrent.FutureTask.run(FutureTask.java:264)
	at java.base/java.util.concurrent.ThreadPoolExecutor.runWorker(ThreadPoolExecutor.java:1128)
	at java.base/java.util.concurrent.ThreadPoolExecutor$Worker.run(ThreadPoolExecutor.java:628)
	at java.base/java.lang.Thread.run(Thread.java:830)
... Removed 15 stack frames]]>
    </failure>
  </testcase> <!-- testTranslateDummy -->
  <testcase classname="calculator.TranslatorImplTest" name="testTranslateDummy" time="0.852">
    <failure type="java.lang.AssertionError" message="expected [Hola Mundo] but found []">
      <![CDATA[java.lang.AssertionError: expected [Hola Mundo] but found []
	at calculator.TranslatorImplTest.testTranslateDummy(TranslatorImplTest.java:25)
	at java.base/java.util.concurrent.FutureTask.run(FutureTask.java:264)
	at java.base/java.util.concurrent.ThreadPoolExecutor.runWorker(ThreadPoolExecutor.java:1128)
	at java.base/java.util.concurrent.ThreadPoolExecutor$Worker.run(ThreadPoolExecutor.java:628)
	at java.base/java.lang.Thread.run(Thread.java:830)
... Removed 15 stack frames]]>
    </failure>
  </testcase> <!-- testTranslateDummy -->
  <testcase classname="calculator.TranslatorImplTest" name="testTranslateDummy" time="0.805">
    <failure type="java.lang.AssertionError" message="expected [Hola Mundo] but found []">
      <![CDATA[java.lang.AssertionError: expected [Hola Mundo] but found []
	at calculator.TranslatorImplTest.testTranslateDummy(TranslatorImplTest.java:25)
	at java.base/java.util.concurrent.FutureTask.run(FutureTask.java:264)
	at java.base/java.util.concurrent.ThreadPoolExecutor.runWorker(ThreadPoolExecutor.java:1128)
	at java.base/java.util.concurrent.ThreadPoolExecutor$Worker.run(ThreadPoolExecutor.java:628)
	at java.base/java.lang.Thread.run(Thread.java:830)
... Removed 15 stack frames]]>
    </failure>
  </testcase> <!-- testTranslateDummy -->
  <testcase classname="calculator.TranslatorImplTest" name="testTranslateDummy" time="0.784">
    <failure type="java.lang.AssertionError" message="expected [Hola Mundo] but found []">
      <![CDATA[java.lang.AssertionError: expected [Hola Mundo] but found []
	at calculator.TranslatorImplTest.testTranslateDummy(TranslatorImplTest.java:25)
	at java.base/java.util.concurrent.FutureTask.run(FutureTask.java:264)
	at java.base/java.util.concurrent.ThreadPoolExecutor.runWorker(ThreadPoolExecutor.java:1128)
	at java.base/java.util.concurrent.ThreadPoolExecutor$Worker.run(ThreadPoolExecutor.java:628)
	at java.base/java.lang.Thread.run(Thread.java:830)
... Removed 15 stack frames]]>
    </failure>
  </testcase> <!-- testTranslateDummy -->
  <testcase classname="calculator.TranslatorImplTest" name="testTranslateDummy" time="0.919">
    <failure type="java.lang.AssertionError" message="expected [Hola Mundo] but found []">
      <![CDATA[java.lang.AssertionError: expected [Hola Mundo] but found []
	at calculator.TranslatorImplTest.testTranslateDummy(TranslatorImplTest.java:25)
	at java.base/java.util.concurrent.FutureTask.run(FutureTask.java:264)
	at java.base/java.util.concurrent.ThreadPoolExecutor.runWorker(ThreadPoolExecutor.java:1128)
	at java.base/java.util.concurrent.ThreadPoolExecutor$Worker.run(ThreadPoolExecutor.java:628)
	at java.base/java.lang.Thread.run(Thread.java:830)
... Removed 15 stack frames]]>
    </failure>
  </testcase> <!-- testTranslateDummy -->
  <testcase classname="calculator.TranslatorImplTest" name="testTranslateDummy" time="0.791">
    <failure type="java.lang.AssertionError" message="expected [Hola Mundo] but found []">
      <![CDATA[java.lang.AssertionError: expected [Hola Mundo] but found []
	at calculator.TranslatorImplTest.testTranslateDummy(TranslatorImplTest.java:25)
	at java.base/java.util.concurrent.FutureTask.run(FutureTask.java:264)
	at java.base/java.util.concurrent.ThreadPoolExecutor.runWorker(ThreadPoolExecutor.java:1128)
	at java.base/java.util.concurrent.ThreadPoolExecutor$Worker.run(ThreadPoolExecutor.java:628)
	at java.base/java.lang.Thread.run(Thread.java:830)
... Removed 15 stack frames]]>
    </failure>
  </testcase> <!-- testTranslateDummy -->
  <testcase classname="calculator.TranslatorImplTest" name="testTranslateDummy" time="0.8">
    <failure type="java.lang.AssertionError" message="expected [Hola Mundo] but found []">
      <![CDATA[java.lang.AssertionError: expected [Hola Mundo] but found []
	at calculator.TranslatorImplTest.testTranslateDummy(TranslatorImplTest.java:25)
	at java.base/java.util.concurrent.FutureTask.run(FutureTask.java:264)
	at java.base/java.util.concurrent.ThreadPoolExecutor.runWorker(ThreadPoolExecutor.java:1128)
	at java.base/java.util.concurrent.ThreadPoolExecutor$Worker.run(ThreadPoolExecutor.java:628)
	at java.base/java.lang.Thread.run(Thread.java:830)
... Removed 15 stack frames]]>
    </failure>
  </testcase> <!-- testTranslateDummy -->
  <testcase classname="calculator.TranslatorImplTest" name="testTranslateDummy" time="0.782">
    <failure type="java.lang.AssertionError" message="expected [Hola Mundo] but found []">
      <![CDATA[java.lang.AssertionError: expected [Hola Mundo] but found []
	at calculator.TranslatorImplTest.testTranslateDummy(TranslatorImplTest.java:25)
	at java.base/java.util.concurrent.FutureTask.run(FutureTask.java:264)
	at java.base/java.util.concurrent.ThreadPoolExecutor.runWorker(ThreadPoolExecutor.java:1128)
	at java.base/java.util.concurrent.ThreadPoolExecutor$Worker.run(ThreadPoolExecutor.java:628)
	at java.base/java.lang.Thread.run(Thread.java:830)
... Removed 15 stack frames]]>
    </failure>
  </testcase> <!-- testTranslateDummy -->
  <testcase classname="calculator.TranslatorImplTest" name="testTranslateDummy" time="0.873">
    <failure type="java.lang.AssertionError" message="expected [Hola Mundo] but found []">
      <![CDATA[java.lang.AssertionError: expected [Hola Mundo] but found []
	at calculator.TranslatorImplTest.testTranslateDummy(TranslatorImplTest.java:25)
	at java.base/java.util.concurrent.FutureTask.run(FutureTask.java:264)
	at java.base/java.util.concurrent.ThreadPoolExecutor.runWorker(ThreadPoolExecutor.java:1128)
	at java.base/java.util.concurrent.ThreadPoolExecutor$Worker.run(ThreadPoolExecutor.java:628)
	at java.base/java.lang.Thread.run(Thread.java:830)
... Removed 15 stack frames]]>
    </failure>
  </testcase> <!-- testTranslateDummy -->
  <testcase classname="calculator.TranslatorImplTest" name="testTranslateDummy" time="0.813">
    <failure type="java.lang.AssertionError" message="expected [Hola Mundo] but found []">
      <![CDATA[java.lang.AssertionError: expected [Hola Mundo] but found []
	at calculator.TranslatorImplTest.testTranslateDummy(TranslatorImplTest.java:25)
	at java.base/java.util.concurrent.FutureTask.run(FutureTask.java:264)
	at java.base/java.util.concurrent.ThreadPoolExecutor.runWorker(ThreadPoolExecutor.java:1128)
	at java.base/java.util.concurrent.ThreadPoolExecutor$Worker.run(ThreadPoolExecutor.java:628)
	at java.base/java.lang.Thread.run(Thread.java:830)
... Removed 15 stack frames]]>
    </failure>
  </testcase> <!-- testTranslateDummy -->
  <testcase classname="calculator.TranslatorImplTest" name="testTranslateDummy" time="0.953">
    <failure type="java.lang.AssertionError" message="expected [Hola Mundo] but found []">
      <![CDATA[java.lang.AssertionError: expected [Hola Mundo] but found []
	at calculator.TranslatorImplTest.testTranslateDummy(TranslatorImplTest.java:25)
	at java.base/java.util.concurrent.FutureTask.run(FutureTask.java:264)
	at java.base/java.util.concurrent.ThreadPoolExecutor.runWorker(ThreadPoolExecutor.java:1128)
	at java.base/java.util.concurrent.ThreadPoolExecutor$Worker.run(ThreadPoolExecutor.java:628)
	at java.base/java.lang.Thread.run(Thread.java:830)
... Removed 15 stack frames]]>
    </failure>
  </testcase> <!-- testTranslateDummy -->
  <testcase classname="calculator.TranslatorImplTest" name="testTranslateDummy" time="0.852">
    <failure type="java.lang.AssertionError" message="expected [Hola Mundo] but found []">
      <![CDATA[java.lang.AssertionError: expected [Hola Mundo] but found []
	at calculator.TranslatorImplTest.testTranslateDummy(TranslatorImplTest.java:25)
	at java.base/java.util.concurrent.FutureTask.run(FutureTask.java:264)
	at java.base/java.util.concurrent.ThreadPoolExecutor.runWorker(ThreadPoolExecutor.java:1128)
	at java.base/java.util.concurrent.ThreadPoolExecutor$Worker.run(ThreadPoolExecutor.java:628)
	at java.base/java.lang.Thread.run(Thread.java:830)
... Removed 15 stack frames]]>
    </failure>
  </testcase> <!-- testTranslateDummy -->
  <testcase classname="calculator.TranslatorImplTest" name="testTranslateDummy" time="0.913">
    <failure type="java.lang.AssertionError" message="expected [Hola Mundo] but found []">
      <![CDATA[java.lang.AssertionError: expected [Hola Mundo] but found []
	at calculator.TranslatorImplTest.testTranslateDummy(TranslatorImplTest.java:25)
	at java.base/java.util.concurrent.FutureTask.run(FutureTask.java:264)
	at java.base/java.util.concurrent.ThreadPoolExecutor.runWorker(ThreadPoolExecutor.java:1128)
	at java.base/java.util.concurrent.ThreadPoolExecutor$Worker.run(ThreadPoolExecutor.java:628)
	at java.base/java.lang.Thread.run(Thread.java:830)
... Removed 15 stack frames]]>
    </failure>
  </testcase> <!-- testTranslateDummy -->
  <testcase classname="calculator.TranslatorImplTest" name="testTranslateDummy" time="1.124">
    <failure type="java.lang.AssertionError" message="expected [Hola Mundo] but found []">
      <![CDATA[java.lang.AssertionError: expected [Hola Mundo] but found []
	at calculator.TranslatorImplTest.testTranslateDummy(TranslatorImplTest.java:25)
	at java.base/java.util.concurrent.FutureTask.run(FutureTask.java:264)
	at java.base/java.util.concurrent.ThreadPoolExecutor.runWorker(ThreadPoolExecutor.java:1128)
	at java.base/java.util.concurrent.ThreadPoolExecutor$Worker.run(ThreadPoolExecutor.java:628)
	at java.base/java.lang.Thread.run(Thread.java:830)
... Removed 15 stack frames]]>
    </failure>
  </testcase> <!-- testTranslateDummy -->
  <testcase classname="calculator.TranslatorImplTest" name="testTranslateDummy" time="0.803">
    <failure type="java.lang.AssertionError" message="expected [Hola Mundo] but found []">
      <![CDATA[java.lang.AssertionError: expected [Hola Mundo] but found []
	at calculator.TranslatorImplTest.testTranslateDummy(TranslatorImplTest.java:25)
	at java.base/java.util.concurrent.FutureTask.run(FutureTask.java:264)
	at java.base/java.util.concurrent.ThreadPoolExecutor.runWorker(ThreadPoolExecutor.java:1128)
	at java.base/java.util.concurrent.ThreadPoolExecutor$Worker.run(ThreadPoolExecutor.java:628)
	at java.base/java.lang.Thread.run(Thread.java:830)
... Removed 15 stack frames]]>
    </failure>
  </testcase> <!-- testTranslateDummy -->
  <testcase classname="calculator.TranslatorImplTest" name="testTranslateDummy" time="0.83">
    <failure type="java.lang.AssertionError" message="expected [Hola Mundo] but found []">
      <![CDATA[java.lang.AssertionError: expected [Hola Mundo] but found []
	at calculator.TranslatorImplTest.testTranslateDummy(TranslatorImplTest.java:25)
	at java.base/java.util.concurrent.FutureTask.run(FutureTask.java:264)
	at java.base/java.util.concurrent.ThreadPoolExecutor.runWorker(ThreadPoolExecutor.java:1128)
	at java.base/java.util.concurrent.ThreadPoolExecutor$Worker.run(ThreadPoolExecutor.java:628)
	at java.base/java.lang.Thread.run(Thread.java:830)
... Removed 15 stack frames]]>
    </failure>
  </testcase> <!-- testTranslateDummy -->
  <testcase classname="calculator.TranslatorImplTest" name="testTranslateDummy" time="0.816">
    <failure type="java.lang.AssertionError" message="expected [Hola Mundo] but found []">
      <![CDATA[java.lang.AssertionError: expected [Hola Mundo] but found []
	at calculator.TranslatorImplTest.testTranslateDummy(TranslatorImplTest.java:25)
	at java.base/java.util.concurrent.FutureTask.run(FutureTask.java:264)
	at java.base/java.util.concurrent.ThreadPoolExecutor.runWorker(ThreadPoolExecutor.java:1128)
	at java.base/java.util.concurrent.ThreadPoolExecutor$Worker.run(ThreadPoolExecutor.java:628)
	at java.base/java.lang.Thread.run(Thread.java:830)
... Removed 15 stack frames]]>
    </failure>
  </testcase> <!-- testTranslateDummy -->
  <testcase classname="calculator.TranslatorImplTest" name="testTranslateDummy" time="0.784">
    <failure type="java.lang.AssertionError" message="expected [Hola Mundo] but found []">
      <![CDATA[java.lang.AssertionError: expected [Hola Mundo] but found []
	at calculator.TranslatorImplTest.testTranslateDummy(TranslatorImplTest.java:25)
	at java.base/java.util.concurrent.FutureTask.run(FutureTask.java:264)
	at java.base/java.util.concurrent.ThreadPoolExecutor.runWorker(ThreadPoolExecutor.java:1128)
	at java.base/java.util.concurrent.ThreadPoolExecutor$Worker.run(ThreadPoolExecutor.java:628)
	at java.base/java.lang.Thread.run(Thread.java:830)
... Removed 15 stack frames]]>
    </failure>
  </testcase> <!-- testTranslateDummy -->
  <testcase classname="calculator.TranslatorImplTest" name="testTranslateDummy" time="0.859">
    <failure type="java.lang.AssertionError" message="expected [Hola Mundo] but found []">
      <![CDATA[java.lang.AssertionError: expected [Hola Mundo] but found []
	at calculator.TranslatorImplTest.testTranslateDummy(TranslatorImplTest.java:25)
	at java.base/java.util.concurrent.FutureTask.run(FutureTask.java:264)
	at java.base/java.util.concurrent.ThreadPoolExecutor.runWorker(ThreadPoolExecutor.java:1128)
	at java.base/java.util.concurrent.ThreadPoolExecutor$Worker.run(ThreadPoolExecutor.java:628)
	at java.base/java.lang.Thread.run(Thread.java:830)
... Removed 15 stack frames]]>
    </failure>
  </testcase> <!-- testTranslateDummy -->
  <testcase classname="calculator.TranslatorImplTest" name="testTranslateDummy" time="0.82">
    <failure type="java.lang.AssertionError" message="expected [Hola Mundo] but found []">
      <![CDATA[java.lang.AssertionError: expected [Hola Mundo] but found []
	at calculator.TranslatorImplTest.testTranslateDummy(TranslatorImplTest.java:25)
	at java.base/java.util.concurrent.FutureTask.run(FutureTask.java:264)
	at java.base/java.util.concurrent.ThreadPoolExecutor.runWorker(ThreadPoolExecutor.java:1128)
	at java.base/java.util.concurrent.ThreadPoolExecutor$Worker.run(ThreadPoolExecutor.java:628)
	at java.base/java.lang.Thread.run(Thread.java:830)
... Removed 15 stack frames]]>
    </failure>
  </testcase> <!-- testTranslateDummy -->
  <testcase classname="calculator.TranslatorImplTest" name="testTranslateDummy" time="0.733">
    <failure type="java.lang.AssertionError" message="expected [Hola Mundo] but found []">
      <![CDATA[java.lang.AssertionError: expected [Hola Mundo] but found []
	at calculator.TranslatorImplTest.testTranslateDummy(TranslatorImplTest.java:25)
	at java.base/java.util.concurrent.FutureTask.run(FutureTask.java:264)
	at java.base/java.util.concurrent.ThreadPoolExecutor.runWorker(ThreadPoolExecutor.java:1128)
	at java.base/java.util.concurrent.ThreadPoolExecutor$Worker.run(ThreadPoolExecutor.java:628)
	at java.base/java.lang.Thread.run(Thread.java:830)
... Removed 15 stack frames]]>
    </failure>
  </testcase> <!-- testTranslateDummy -->
  <testcase classname="calculator.TranslatorImplTest" name="testTranslateDummy" time="0.837">
    <failure type="java.lang.AssertionError" message="expected [Hola Mundo] but found []">
      <![CDATA[java.lang.AssertionError: expected [Hola Mundo] but found []
	at calculator.TranslatorImplTest.testTranslateDummy(TranslatorImplTest.java:25)
	at java.base/java.util.concurrent.FutureTask.run(FutureTask.java:264)
	at java.base/java.util.concurrent.ThreadPoolExecutor.runWorker(ThreadPoolExecutor.java:1128)
	at java.base/java.util.concurrent.ThreadPoolExecutor$Worker.run(ThreadPoolExecutor.java:628)
	at java.base/java.lang.Thread.run(Thread.java:830)
... Removed 15 stack frames]]>
    </failure>
  </testcase> <!-- testTranslateDummy -->
  <testcase classname="calculator.TranslatorImplTest" name="testTranslateDummy" time="0.841">
    <failure type="java.lang.AssertionError" message="expected [Hola Mundo] but found []">
      <![CDATA[java.lang.AssertionError: expected [Hola Mundo] but found []
	at calculator.TranslatorImplTest.testTranslateDummy(TranslatorImplTest.java:25)
	at java.base/java.util.concurrent.FutureTask.run(FutureTask.java:264)
	at java.base/java.util.concurrent.ThreadPoolExecutor.runWorker(ThreadPoolExecutor.java:1128)
	at java.base/java.util.concurrent.ThreadPoolExecutor$Worker.run(ThreadPoolExecutor.java:628)
	at java.base/java.lang.Thread.run(Thread.java:830)
... Removed 15 stack frames]]>
    </failure>
  </testcase> <!-- testTranslateDummy -->
  <testcase classname="calculator.TranslatorImplTest" name="testTranslateDummy" time="0.713">
    <failure type="java.lang.AssertionError" message="expected [Hola Mundo] but found []">
      <![CDATA[java.lang.AssertionError: expected [Hola Mundo] but found []
	at calculator.TranslatorImplTest.testTranslateDummy(TranslatorImplTest.java:25)
	at java.base/java.util.concurrent.FutureTask.run(FutureTask.java:264)
	at java.base/java.util.concurrent.ThreadPoolExecutor.runWorker(ThreadPoolExecutor.java:1128)
	at java.base/java.util.concurrent.ThreadPoolExecutor$Worker.run(ThreadPoolExecutor.java:628)
	at java.base/java.lang.Thread.run(Thread.java:830)
... Removed 15 stack frames]]>
    </failure>
  </testcase> <!-- testTranslateDummy -->
  <testcase classname="calculator.TranslatorImplTest" name="testTranslateDummy" time="0.879">
    <failure type="java.lang.AssertionError" message="expected [Hola Mundo] but found []">
      <![CDATA[java.lang.AssertionError: expected [Hola Mundo] but found []
	at calculator.TranslatorImplTest.testTranslateDummy(TranslatorImplTest.java:25)
	at java.base/java.util.concurrent.FutureTask.run(FutureTask.java:264)
	at java.base/java.util.concurrent.ThreadPoolExecutor.runWorker(ThreadPoolExecutor.java:1128)
	at java.base/java.util.concurrent.ThreadPoolExecutor$Worker.run(ThreadPoolExecutor.java:628)
	at java.base/java.lang.Thread.run(Thread.java:830)
... Removed 15 stack frames]]>
    </failure>
  </testcase> <!-- testTranslateDummy -->
  <testcase classname="calculator.TranslatorImplTest" name="testTranslateDummy" time="0.828">
    <failure type="java.lang.AssertionError" message="expected [Hola Mundo] but found []">
      <![CDATA[java.lang.AssertionError: expected [Hola Mundo] but found []
	at calculator.TranslatorImplTest.testTranslateDummy(TranslatorImplTest.java:25)
	at java.base/java.util.concurrent.FutureTask.run(FutureTask.java:264)
	at java.base/java.util.concurrent.ThreadPoolExecutor.runWorker(ThreadPoolExecutor.java:1128)
	at java.base/java.util.concurrent.ThreadPoolExecutor$Worker.run(ThreadPoolExecutor.java:628)
	at java.base/java.lang.Thread.run(Thread.java:830)
... Removed 15 stack frames]]>
    </failure>
  </testcase> <!-- testTranslateDummy -->
  <testcase classname="calculator.TranslatorImplTest" name="testTranslateDummy" time="1.0">
    <failure type="java.lang.AssertionError" message="expected [Hola Mundo] but found []">
      <![CDATA[java.lang.AssertionError: expected [Hola Mundo] but found []
	at calculator.TranslatorImplTest.testTranslateDummy(TranslatorImplTest.java:25)
	at java.base/java.util.concurrent.FutureTask.run(FutureTask.java:264)
	at java.base/java.util.concurrent.ThreadPoolExecutor.runWorker(ThreadPoolExecutor.java:1128)
	at java.base/java.util.concurrent.ThreadPoolExecutor$Worker.run(ThreadPoolExecutor.java:628)
	at java.base/java.lang.Thread.run(Thread.java:830)
... Removed 15 stack frames]]>
    </failure>
  </testcase> <!-- testTranslateDummy -->
  <testcase classname="calculator.TranslatorImplTest" name="testTranslateDummy" time="0.832">
    <failure type="java.lang.AssertionError" message="expected [Hola Mundo] but found []">
      <![CDATA[java.lang.AssertionError: expected [Hola Mundo] but found []
	at calculator.TranslatorImplTest.testTranslateDummy(TranslatorImplTest.java:25)
	at java.base/java.util.concurrent.FutureTask.run(FutureTask.java:264)
	at java.base/java.util.concurrent.ThreadPoolExecutor.runWorker(ThreadPoolExecutor.java:1128)
	at java.base/java.util.concurrent.ThreadPoolExecutor$Worker.run(ThreadPoolExecutor.java:628)
	at java.base/java.lang.Thread.run(Thread.java:830)
... Removed 15 stack frames]]>
    </failure>
  </testcase> <!-- testTranslateDummy -->
  <testcase classname="calculator.TranslatorImplTest" name="testTranslateDummy" time="0.833">
    <failure type="java.lang.AssertionError" message="expected [Hola Mundo] but found []">
      <![CDATA[java.lang.AssertionError: expected [Hola Mundo] but found []
	at calculator.TranslatorImplTest.testTranslateDummy(TranslatorImplTest.java:25)
	at java.base/java.util.concurrent.FutureTask.run(FutureTask.java:264)
	at java.base/java.util.concurrent.ThreadPoolExecutor.runWorker(ThreadPoolExecutor.java:1128)
	at java.base/java.util.concurrent.ThreadPoolExecutor$Worker.run(ThreadPoolExecutor.java:628)
	at java.base/java.lang.Thread.run(Thread.java:830)
... Removed 15 stack frames]]>
    </failure>
  </testcase> <!-- testTranslateDummy -->
  <testcase classname="calculator.TranslatorImplTest" name="testTranslateDummy" time="0.774">
    <failure type="java.lang.AssertionError" message="expected [Hola Mundo] but found []">
      <![CDATA[java.lang.AssertionError: expected [Hola Mundo] but found []
	at calculator.TranslatorImplTest.testTranslateDummy(TranslatorImplTest.java:25)
	at java.base/java.util.concurrent.FutureTask.run(FutureTask.java:264)
	at java.base/java.util.concurrent.ThreadPoolExecutor.runWorker(ThreadPoolExecutor.java:1128)
	at java.base/java.util.concurrent.ThreadPoolExecutor$Worker.run(ThreadPoolExecutor.java:628)
	at java.base/java.lang.Thread.run(Thread.java:830)
... Removed 15 stack frames]]>
    </failure>
  </testcase> <!-- testTranslateDummy -->
  <testcase classname="calculator.TranslatorImplTest" name="testTranslateDummy" time="0.837">
    <failure type="java.lang.AssertionError" message="expected [Hola Mundo] but found []">
      <![CDATA[java.lang.AssertionError: expected [Hola Mundo] but found []
	at calculator.TranslatorImplTest.testTranslateDummy(TranslatorImplTest.java:25)
	at java.base/java.util.concurrent.FutureTask.run(FutureTask.java:264)
	at java.base/java.util.concurrent.ThreadPoolExecutor.runWorker(ThreadPoolExecutor.java:1128)
	at java.base/java.util.concurrent.ThreadPoolExecutor$Worker.run(ThreadPoolExecutor.java:628)
	at java.base/java.lang.Thread.run(Thread.java:830)
... Removed 15 stack frames]]>
    </failure>
  </testcase> <!-- testTranslateDummy -->
  <testcase classname="calculator.TranslatorImplTest" name="testTranslateDummy" time="0.818">
    <failure type="java.lang.AssertionError" message="expected [Hola Mundo] but found []">
      <![CDATA[java.lang.AssertionError: expected [Hola Mundo] but found []
	at calculator.TranslatorImplTest.testTranslateDummy(TranslatorImplTest.java:25)
	at java.base/java.util.concurrent.FutureTask.run(FutureTask.java:264)
	at java.base/java.util.concurrent.ThreadPoolExecutor.runWorker(ThreadPoolExecutor.java:1128)
	at java.base/java.util.concurrent.ThreadPoolExecutor$Worker.run(ThreadPoolExecutor.java:628)
	at java.base/java.lang.Thread.run(Thread.java:830)
... Removed 15 stack frames]]>
    </failure>
  </testcase> <!-- testTranslateDummy -->
  <testcase classname="calculator.TranslatorImplTest" name="testTranslateDummy" time="0.8">
    <failure type="java.lang.AssertionError" message="expected [Hola Mundo] but found []">
      <![CDATA[java.lang.AssertionError: expected [Hola Mundo] but found []
	at calculator.TranslatorImplTest.testTranslateDummy(TranslatorImplTest.java:25)
	at java.base/java.util.concurrent.FutureTask.run(FutureTask.java:264)
	at java.base/java.util.concurrent.ThreadPoolExecutor.runWorker(ThreadPoolExecutor.java:1128)
	at java.base/java.util.concurrent.ThreadPoolExecutor$Worker.run(ThreadPoolExecutor.java:628)
	at java.base/java.lang.Thread.run(Thread.java:830)
... Removed 15 stack frames]]>
    </failure>
  </testcase> <!-- testTranslateDummy -->
  <testcase classname="calculator.TranslatorImplTest" name="testTranslateDummy" time="0.786">
    <failure type="java.lang.AssertionError" message="expected [Hola Mundo] but found []">
      <![CDATA[java.lang.AssertionError: expected [Hola Mundo] but found []
	at calculator.TranslatorImplTest.testTranslateDummy(TranslatorImplTest.java:25)
	at java.base/java.util.concurrent.FutureTask.run(FutureTask.java:264)
	at java.base/java.util.concurrent.ThreadPoolExecutor.runWorker(ThreadPoolExecutor.java:1128)
	at java.base/java.util.concurrent.ThreadPoolExecutor$Worker.run(ThreadPoolExecutor.java:628)
	at java.base/java.lang.Thread.run(Thread.java:830)
... Removed 15 stack frames]]>
    </failure>
  </testcase> <!-- testTranslateDummy -->
  <testcase classname="calculator.TranslatorImplTest" name="testTranslateDummy" time="0.753">
    <failure type="java.lang.AssertionError" message="expected [Hola Mundo] but found []">
      <![CDATA[java.lang.AssertionError: expected [Hola Mundo] but found []
	at calculator.TranslatorImplTest.testTranslateDummy(TranslatorImplTest.java:25)
	at java.base/java.util.concurrent.FutureTask.run(FutureTask.java:264)
	at java.base/java.util.concurrent.ThreadPoolExecutor.runWorker(ThreadPoolExecutor.java:1128)
	at java.base/java.util.concurrent.ThreadPoolExecutor$Worker.run(ThreadPoolExecutor.java:628)
	at java.base/java.lang.Thread.run(Thread.java:830)
... Removed 15 stack frames]]>
    </failure>
  </testcase> <!-- testTranslateDummy -->
  <testcase classname="calculator.TranslatorImplTest" name="testTranslateDummy" time="0.764">
    <failure type="java.lang.AssertionError" message="expected [Hola Mundo] but found []">
      <![CDATA[java.lang.AssertionError: expected [Hola Mundo] but found []
	at calculator.TranslatorImplTest.testTranslateDummy(TranslatorImplTest.java:25)
	at java.base/java.util.concurrent.FutureTask.run(FutureTask.java:264)
	at java.base/java.util.concurrent.ThreadPoolExecutor.runWorker(ThreadPoolExecutor.java:1128)
	at java.base/java.util.concurrent.ThreadPoolExecutor$Worker.run(ThreadPoolExecutor.java:628)
	at java.base/java.lang.Thread.run(Thread.java:830)
... Removed 15 stack frames]]>
    </failure>
  </testcase> <!-- testTranslateDummy -->
  <testcase classname="calculator.TranslatorImplTest" name="testTranslateDummy" time="0.784">
    <failure type="java.lang.AssertionError" message="expected [Hola Mundo] but found []">
      <![CDATA[java.lang.AssertionError: expected [Hola Mundo] but found []
	at calculator.TranslatorImplTest.testTranslateDummy(TranslatorImplTest.java:25)
	at java.base/java.util.concurrent.FutureTask.run(FutureTask.java:264)
	at java.base/java.util.concurrent.ThreadPoolExecutor.runWorker(ThreadPoolExecutor.java:1128)
	at java.base/java.util.concurrent.ThreadPoolExecutor$Worker.run(ThreadPoolExecutor.java:628)
	at java.base/java.lang.Thread.run(Thread.java:830)
... Removed 15 stack frames]]>
    </failure>
  </testcase> <!-- testTranslateDummy -->
  <testcase classname="calculator.TranslatorImplTest" name="testTranslateDummy" time="0.789">
    <failure type="java.lang.AssertionError" message="expected [Hola Mundo] but found []">
      <![CDATA[java.lang.AssertionError: expected [Hola Mundo] but found []
	at calculator.TranslatorImplTest.testTranslateDummy(TranslatorImplTest.java:25)
	at java.base/java.util.concurrent.FutureTask.run(FutureTask.java:264)
	at java.base/java.util.concurrent.ThreadPoolExecutor.runWorker(ThreadPoolExecutor.java:1128)
	at java.base/java.util.concurrent.ThreadPoolExecutor$Worker.run(ThreadPoolExecutor.java:628)
	at java.base/java.lang.Thread.run(Thread.java:830)
... Removed 15 stack frames]]>
    </failure>
  </testcase> <!-- testTranslateDummy -->
</testsuite> <!-- Surefire test -->
