-------------------------------------------------------------------------------
Test set: calculator.TranslatorImplTest
-------------------------------------------------------------------------------
Tests run: 100, Failures: 100, Errors: 0, Skipped: 0, Time elapsed: 18.64 s <<< FAILURE! - in calculator.TranslatorImplTest
testTranslateDummy(calculator.TranslatorImplTest)  Time elapsed: 1.571 s  <<< FAILURE!
java.lang.AssertionError: expected [Hola Mundo] but found []
	at calculator.TranslatorImplTest.testTranslateDummy(TranslatorImplTest.java:25)

testTranslateDummy(calculator.TranslatorImplTest)  Time elapsed: 0.004 s  <<< FAILURE!
java.lang.AssertionError: expected [Hola Mundo] but found []
	at calculator.TranslatorImplTest.testTranslateDummy(TranslatorImplTest.java:25)

testTranslateDummy(calculator.TranslatorImplTest)  Time elapsed: 0.001 s  <<< FAILURE!
java.lang.AssertionError: expected [Hola Mundo] but found []
	at calculator.TranslatorImplTest.testTranslateDummy(TranslatorImplTest.java:25)

testTranslateDummy(calculator.TranslatorImplTest)  Time elapsed: 0.005 s  <<< FAILURE!
java.lang.AssertionError: expected [Hola Mundo] but found []
	at calculator.TranslatorImplTest.testTranslateDummy(TranslatorImplTest.java:25)

testTranslateDummy(calculator.TranslatorImplTest)  Time elapsed: 0.1 s  <<< FAILURE!
java.lang.AssertionError: expected [Hola Mundo] but found []
	at calculator.TranslatorImplTest.testTranslateDummy(TranslatorImplTest.java:25)

testTranslateDummy(calculator.TranslatorImplTest)  Time elapsed: 0.653 s  <<< FAILURE!
java.lang.AssertionError: expected [Hola Mundo] but found []
	at calculator.TranslatorImplTest.testTranslateDummy(TranslatorImplTest.java:25)

testTranslateDummy(calculator.TranslatorImplTest)  Time elapsed: 0.133 s  <<< FAILURE!
java.lang.AssertionError: expected [Hola Mundo] but found []
	at calculator.TranslatorImplTest.testTranslateDummy(TranslatorImplTest.java:25)

testTranslateDummy(calculator.TranslatorImplTest)  Time elapsed: 0.127 s  <<< FAILURE!
java.lang.AssertionError: expected [Hola Mundo] but found []
	at calculator.TranslatorImplTest.testTranslateDummy(TranslatorImplTest.java:25)

testTranslateDummy(calculator.TranslatorImplTest)  Time elapsed: 0.127 s  <<< FAILURE!
java.lang.AssertionError: expected [Hola Mundo] but found []
	at calculator.TranslatorImplTest.testTranslateDummy(TranslatorImplTest.java:25)

testTranslateDummy(calculator.TranslatorImplTest)  Time elapsed: 0.052 s  <<< FAILURE!
java.lang.AssertionError: expected [Hola Mundo] but found []
	at calculator.TranslatorImplTest.testTranslateDummy(TranslatorImplTest.java:25)

testTranslateDummy(calculator.TranslatorImplTest)  Time elapsed: 0.555 s  <<< FAILURE!
java.lang.AssertionError: expected [Hola Mundo] but found []
	at calculator.TranslatorImplTest.testTranslateDummy(TranslatorImplTest.java:25)

testTranslateDummy(calculator.TranslatorImplTest)  Time elapsed: 0.057 s  <<< FAILURE!
java.lang.AssertionError: expected [Hola Mundo] but found []
	at calculator.TranslatorImplTest.testTranslateDummy(TranslatorImplTest.java:25)

testTranslateDummy(calculator.TranslatorImplTest)  Time elapsed: 0.155 s  <<< FAILURE!
java.lang.AssertionError: expected [Hola Mundo] but found []
	at calculator.TranslatorImplTest.testTranslateDummy(TranslatorImplTest.java:25)

testTranslateDummy(calculator.TranslatorImplTest)  Time elapsed: 0.022 s  <<< FAILURE!
java.lang.AssertionError: expected [Hola Mundo] but found []
	at calculator.TranslatorImplTest.testTranslateDummy(TranslatorImplTest.java:25)

testTranslateDummy(calculator.TranslatorImplTest)  Time elapsed: 0.039 s  <<< FAILURE!
java.lang.AssertionError: expected [Hola Mundo] but found []
	at calculator.TranslatorImplTest.testTranslateDummy(TranslatorImplTest.java:25)

testTranslateDummy(calculator.TranslatorImplTest)  Time elapsed: 0.463 s  <<< FAILURE!
java.lang.AssertionError: expected [Hola Mundo] but found []
	at calculator.TranslatorImplTest.testTranslateDummy(TranslatorImplTest.java:25)

testTranslateDummy(calculator.TranslatorImplTest)  Time elapsed: 0.11 s  <<< FAILURE!
java.lang.AssertionError: expected [Hola Mundo] but found []
	at calculator.TranslatorImplTest.testTranslateDummy(TranslatorImplTest.java:25)

testTranslateDummy(calculator.TranslatorImplTest)  Time elapsed: 0.157 s  <<< FAILURE!
java.lang.AssertionError: expected [Hola Mundo] but found []
	at calculator.TranslatorImplTest.testTranslateDummy(TranslatorImplTest.java:25)

testTranslateDummy(calculator.TranslatorImplTest)  Time elapsed: 0.043 s  <<< FAILURE!
java.lang.AssertionError: expected [Hola Mundo] but found []
	at calculator.TranslatorImplTest.testTranslateDummy(TranslatorImplTest.java:25)

testTranslateDummy(calculator.TranslatorImplTest)  Time elapsed: 0.048 s  <<< FAILURE!
java.lang.AssertionError: expected [Hola Mundo] but found []
	at calculator.TranslatorImplTest.testTranslateDummy(TranslatorImplTest.java:25)

testTranslateDummy(calculator.TranslatorImplTest)  Time elapsed: 0.428 s  <<< FAILURE!
java.lang.AssertionError: expected [Hola Mundo] but found []
	at calculator.TranslatorImplTest.testTranslateDummy(TranslatorImplTest.java:25)

testTranslateDummy(calculator.TranslatorImplTest)  Time elapsed: 0.136 s  <<< FAILURE!
java.lang.AssertionError: expected [Hola Mundo] but found []
	at calculator.TranslatorImplTest.testTranslateDummy(TranslatorImplTest.java:25)

testTranslateDummy(calculator.TranslatorImplTest)  Time elapsed: 0.113 s  <<< FAILURE!
java.lang.AssertionError: expected [Hola Mundo] but found []
	at calculator.TranslatorImplTest.testTranslateDummy(TranslatorImplTest.java:25)

testTranslateDummy(calculator.TranslatorImplTest)  Time elapsed: 0.022 s  <<< FAILURE!
java.lang.AssertionError: expected [Hola Mundo] but found []
	at calculator.TranslatorImplTest.testTranslateDummy(TranslatorImplTest.java:25)

testTranslateDummy(calculator.TranslatorImplTest)  Time elapsed: 0.151 s  <<< FAILURE!
java.lang.AssertionError: expected [Hola Mundo] but found []
	at calculator.TranslatorImplTest.testTranslateDummy(TranslatorImplTest.java:25)

testTranslateDummy(calculator.TranslatorImplTest)  Time elapsed: 0.464 s  <<< FAILURE!
java.lang.AssertionError: expected [Hola Mundo] but found []
	at calculator.TranslatorImplTest.testTranslateDummy(TranslatorImplTest.java:25)

testTranslateDummy(calculator.TranslatorImplTest)  Time elapsed: 0.003 s  <<< FAILURE!
java.lang.AssertionError: expected [Hola Mundo] but found []
	at calculator.TranslatorImplTest.testTranslateDummy(TranslatorImplTest.java:25)

testTranslateDummy(calculator.TranslatorImplTest)  Time elapsed: 0.17 s  <<< FAILURE!
java.lang.AssertionError: expected [Hola Mundo] but found []
	at calculator.TranslatorImplTest.testTranslateDummy(TranslatorImplTest.java:25)

testTranslateDummy(calculator.TranslatorImplTest)  Time elapsed: 0.046 s  <<< FAILURE!
java.lang.AssertionError: expected [Hola Mundo] but found []
	at calculator.TranslatorImplTest.testTranslateDummy(TranslatorImplTest.java:25)

testTranslateDummy(calculator.TranslatorImplTest)  Time elapsed: 0.41 s  <<< FAILURE!
java.lang.AssertionError: expected [Hola Mundo] but found []
	at calculator.TranslatorImplTest.testTranslateDummy(TranslatorImplTest.java:25)

testTranslateDummy(calculator.TranslatorImplTest)  Time elapsed: 0.17 s  <<< FAILURE!
java.lang.AssertionError: expected [Hola Mundo] but found []
	at calculator.TranslatorImplTest.testTranslateDummy(TranslatorImplTest.java:25)

testTranslateDummy(calculator.TranslatorImplTest)  Time elapsed: 0.119 s  <<< FAILURE!
java.lang.AssertionError: expected [Hola Mundo] but found []
	at calculator.TranslatorImplTest.testTranslateDummy(TranslatorImplTest.java:25)

testTranslateDummy(calculator.TranslatorImplTest)  Time elapsed: 0.107 s  <<< FAILURE!
java.lang.AssertionError: expected [Hola Mundo] but found []
	at calculator.TranslatorImplTest.testTranslateDummy(TranslatorImplTest.java:25)

testTranslateDummy(calculator.TranslatorImplTest)  Time elapsed: 0.054 s  <<< FAILURE!
java.lang.AssertionError: expected [Hola Mundo] but found []
	at calculator.TranslatorImplTest.testTranslateDummy(TranslatorImplTest.java:25)

testTranslateDummy(calculator.TranslatorImplTest)  Time elapsed: 0.337 s  <<< FAILURE!
java.lang.AssertionError: expected [Hola Mundo] but found []
	at calculator.TranslatorImplTest.testTranslateDummy(TranslatorImplTest.java:25)

testTranslateDummy(calculator.TranslatorImplTest)  Time elapsed: 0.138 s  <<< FAILURE!
java.lang.AssertionError: expected [Hola Mundo] but found []
	at calculator.TranslatorImplTest.testTranslateDummy(TranslatorImplTest.java:25)

testTranslateDummy(calculator.TranslatorImplTest)  Time elapsed: 0.177 s  <<< FAILURE!
java.lang.AssertionError: expected [Hola Mundo] but found []
	at calculator.TranslatorImplTest.testTranslateDummy(TranslatorImplTest.java:25)

testTranslateDummy(calculator.TranslatorImplTest)  Time elapsed: 0.058 s  <<< FAILURE!
java.lang.AssertionError: expected [Hola Mundo] but found []
	at calculator.TranslatorImplTest.testTranslateDummy(TranslatorImplTest.java:25)

testTranslateDummy(calculator.TranslatorImplTest)  Time elapsed: 0.069 s  <<< FAILURE!
java.lang.AssertionError: expected [Hola Mundo] but found []
	at calculator.TranslatorImplTest.testTranslateDummy(TranslatorImplTest.java:25)

testTranslateDummy(calculator.TranslatorImplTest)  Time elapsed: 0.27 s  <<< FAILURE!
java.lang.AssertionError: expected [Hola Mundo] but found []
	at calculator.TranslatorImplTest.testTranslateDummy(TranslatorImplTest.java:25)

testTranslateDummy(calculator.TranslatorImplTest)  Time elapsed: 0.263 s  <<< FAILURE!
java.lang.AssertionError: expected [Hola Mundo] but found []
	at calculator.TranslatorImplTest.testTranslateDummy(TranslatorImplTest.java:25)

testTranslateDummy(calculator.TranslatorImplTest)  Time elapsed: 0.161 s  <<< FAILURE!
java.lang.AssertionError: expected [Hola Mundo] but found []
	at calculator.TranslatorImplTest.testTranslateDummy(TranslatorImplTest.java:25)

testTranslateDummy(calculator.TranslatorImplTest)  Time elapsed: 0.048 s  <<< FAILURE!
java.lang.AssertionError: expected [Hola Mundo] but found []
	at calculator.TranslatorImplTest.testTranslateDummy(TranslatorImplTest.java:25)

testTranslateDummy(calculator.TranslatorImplTest)  Time elapsed: 0.009 s  <<< FAILURE!
java.lang.AssertionError: expected [Hola Mundo] but found []
	at calculator.TranslatorImplTest.testTranslateDummy(TranslatorImplTest.java:25)

testTranslateDummy(calculator.TranslatorImplTest)  Time elapsed: 0.323 s  <<< FAILURE!
java.lang.AssertionError: expected [Hola Mundo] but found []
	at calculator.TranslatorImplTest.testTranslateDummy(TranslatorImplTest.java:25)

testTranslateDummy(calculator.TranslatorImplTest)  Time elapsed: 0.292 s  <<< FAILURE!
java.lang.AssertionError: expected [Hola Mundo] but found []
	at calculator.TranslatorImplTest.testTranslateDummy(TranslatorImplTest.java:25)

testTranslateDummy(calculator.TranslatorImplTest)  Time elapsed: 0.126 s  <<< FAILURE!
java.lang.AssertionError: expected [Hola Mundo] but found []
	at calculator.TranslatorImplTest.testTranslateDummy(TranslatorImplTest.java:25)

testTranslateDummy(calculator.TranslatorImplTest)  Time elapsed: 0.032 s  <<< FAILURE!
java.lang.AssertionError: expected [Hola Mundo] but found []
	at calculator.TranslatorImplTest.testTranslateDummy(TranslatorImplTest.java:25)

testTranslateDummy(calculator.TranslatorImplTest)  Time elapsed: 0.189 s  <<< FAILURE!
java.lang.AssertionError: expected [Hola Mundo] but found []
	at calculator.TranslatorImplTest.testTranslateDummy(TranslatorImplTest.java:25)

testTranslateDummy(calculator.TranslatorImplTest)  Time elapsed: 0.066 s  <<< FAILURE!
java.lang.AssertionError: expected [Hola Mundo] but found []
	at calculator.TranslatorImplTest.testTranslateDummy(TranslatorImplTest.java:25)

testTranslateDummy(calculator.TranslatorImplTest)  Time elapsed: 0.435 s  <<< FAILURE!
java.lang.AssertionError: expected [Hola Mundo] but found []
	at calculator.TranslatorImplTest.testTranslateDummy(TranslatorImplTest.java:25)

testTranslateDummy(calculator.TranslatorImplTest)  Time elapsed: 0.082 s  <<< FAILURE!
java.lang.AssertionError: expected [Hola Mundo] but found []
	at calculator.TranslatorImplTest.testTranslateDummy(TranslatorImplTest.java:25)

testTranslateDummy(calculator.TranslatorImplTest)  Time elapsed: 0.179 s  <<< FAILURE!
java.lang.AssertionError: expected [Hola Mundo] but found []
	at calculator.TranslatorImplTest.testTranslateDummy(TranslatorImplTest.java:25)

testTranslateDummy(calculator.TranslatorImplTest)  Time elapsed: 0.037 s  <<< FAILURE!
java.lang.AssertionError: expected [Hola Mundo] but found []
	at calculator.TranslatorImplTest.testTranslateDummy(TranslatorImplTest.java:25)

testTranslateDummy(calculator.TranslatorImplTest)  Time elapsed: 0.423 s  <<< FAILURE!
java.lang.AssertionError: expected [Hola Mundo] but found []
	at calculator.TranslatorImplTest.testTranslateDummy(TranslatorImplTest.java:25)

testTranslateDummy(calculator.TranslatorImplTest)  Time elapsed: 0.04 s  <<< FAILURE!
java.lang.AssertionError: expected [Hola Mundo] but found []
	at calculator.TranslatorImplTest.testTranslateDummy(TranslatorImplTest.java:25)

testTranslateDummy(calculator.TranslatorImplTest)  Time elapsed: 0.092 s  <<< FAILURE!
java.lang.AssertionError: expected [Hola Mundo] but found []
	at calculator.TranslatorImplTest.testTranslateDummy(TranslatorImplTest.java:25)

testTranslateDummy(calculator.TranslatorImplTest)  Time elapsed: 0.221 s  <<< FAILURE!
java.lang.AssertionError: expected [Hola Mundo] but found []
	at calculator.TranslatorImplTest.testTranslateDummy(TranslatorImplTest.java:25)

testTranslateDummy(calculator.TranslatorImplTest)  Time elapsed: 0.013 s  <<< FAILURE!
java.lang.AssertionError: expected [Hola Mundo] but found []
	at calculator.TranslatorImplTest.testTranslateDummy(TranslatorImplTest.java:25)

testTranslateDummy(calculator.TranslatorImplTest)  Time elapsed: 0.396 s  <<< FAILURE!
java.lang.AssertionError: expected [Hola Mundo] but found []
	at calculator.TranslatorImplTest.testTranslateDummy(TranslatorImplTest.java:25)

testTranslateDummy(calculator.TranslatorImplTest)  Time elapsed: 0.051 s  <<< FAILURE!
java.lang.AssertionError: expected [Hola Mundo] but found []
	at calculator.TranslatorImplTest.testTranslateDummy(TranslatorImplTest.java:25)

testTranslateDummy(calculator.TranslatorImplTest)  Time elapsed: 0.09 s  <<< FAILURE!
java.lang.AssertionError: expected [Hola Mundo] but found []
	at calculator.TranslatorImplTest.testTranslateDummy(TranslatorImplTest.java:25)

testTranslateDummy(calculator.TranslatorImplTest)  Time elapsed: 0.245 s  <<< FAILURE!
java.lang.AssertionError: expected [Hola Mundo] but found []
	at calculator.TranslatorImplTest.testTranslateDummy(TranslatorImplTest.java:25)

testTranslateDummy(calculator.TranslatorImplTest)  Time elapsed: 0.068 s  <<< FAILURE!
java.lang.AssertionError: expected [Hola Mundo] but found []
	at calculator.TranslatorImplTest.testTranslateDummy(TranslatorImplTest.java:25)

testTranslateDummy(calculator.TranslatorImplTest)  Time elapsed: 0.35 s  <<< FAILURE!
java.lang.AssertionError: expected [Hola Mundo] but found []
	at calculator.TranslatorImplTest.testTranslateDummy(TranslatorImplTest.java:25)

testTranslateDummy(calculator.TranslatorImplTest)  Time elapsed: 0.028 s  <<< FAILURE!
java.lang.AssertionError: expected [Hola Mundo] but found []
	at calculator.TranslatorImplTest.testTranslateDummy(TranslatorImplTest.java:25)

testTranslateDummy(calculator.TranslatorImplTest)  Time elapsed: 0.231 s  <<< FAILURE!
java.lang.AssertionError: expected [Hola Mundo] but found []
	at calculator.TranslatorImplTest.testTranslateDummy(TranslatorImplTest.java:25)

testTranslateDummy(calculator.TranslatorImplTest)  Time elapsed: 0.112 s  <<< FAILURE!
java.lang.AssertionError: expected [Hola Mundo] but found []
	at calculator.TranslatorImplTest.testTranslateDummy(TranslatorImplTest.java:25)

testTranslateDummy(calculator.TranslatorImplTest)  Time elapsed: 0.078 s  <<< FAILURE!
java.lang.AssertionError: expected [Hola Mundo] but found []
	at calculator.TranslatorImplTest.testTranslateDummy(TranslatorImplTest.java:25)

testTranslateDummy(calculator.TranslatorImplTest)  Time elapsed: 0.331 s  <<< FAILURE!
java.lang.AssertionError: expected [Hola Mundo] but found []
	at calculator.TranslatorImplTest.testTranslateDummy(TranslatorImplTest.java:25)

testTranslateDummy(calculator.TranslatorImplTest)  Time elapsed: 0.137 s  <<< FAILURE!
java.lang.AssertionError: expected [Hola Mundo] but found []
	at calculator.TranslatorImplTest.testTranslateDummy(TranslatorImplTest.java:25)

testTranslateDummy(calculator.TranslatorImplTest)  Time elapsed: 0.266 s  <<< FAILURE!
java.lang.AssertionError: expected [Hola Mundo] but found []
	at calculator.TranslatorImplTest.testTranslateDummy(TranslatorImplTest.java:25)

testTranslateDummy(calculator.TranslatorImplTest)  Time elapsed: 0.023 s  <<< FAILURE!
java.lang.AssertionError: expected [Hola Mundo] but found []
	at calculator.TranslatorImplTest.testTranslateDummy(TranslatorImplTest.java:25)

testTranslateDummy(calculator.TranslatorImplTest)  Time elapsed: 0.093 s  <<< FAILURE!
java.lang.AssertionError: expected [Hola Mundo] but found []
	at calculator.TranslatorImplTest.testTranslateDummy(TranslatorImplTest.java:25)

testTranslateDummy(calculator.TranslatorImplTest)  Time elapsed: 0.515 s  <<< FAILURE!
java.lang.AssertionError: expected [Hola Mundo] but found []
	at calculator.TranslatorImplTest.testTranslateDummy(TranslatorImplTest.java:25)

testTranslateDummy(calculator.TranslatorImplTest)  Time elapsed: 0.089 s  <<< FAILURE!
java.lang.AssertionError: expected [Hola Mundo] but found []
	at calculator.TranslatorImplTest.testTranslateDummy(TranslatorImplTest.java:25)

testTranslateDummy(calculator.TranslatorImplTest)  Time elapsed: 0.082 s  <<< FAILURE!
java.lang.AssertionError: expected [Hola Mundo] but found []
	at calculator.TranslatorImplTest.testTranslateDummy(TranslatorImplTest.java:25)

testTranslateDummy(calculator.TranslatorImplTest)  Time elapsed: 0.051 s  <<< FAILURE!
java.lang.AssertionError: expected [Hola Mundo] but found []
	at calculator.TranslatorImplTest.testTranslateDummy(TranslatorImplTest.java:25)

testTranslateDummy(calculator.TranslatorImplTest)  Time elapsed: 0.078 s  <<< FAILURE!
java.lang.AssertionError: expected [Hola Mundo] but found []
	at calculator.TranslatorImplTest.testTranslateDummy(TranslatorImplTest.java:25)

testTranslateDummy(calculator.TranslatorImplTest)  Time elapsed: 0.479 s  <<< FAILURE!
java.lang.AssertionError: expected [Hola Mundo] but found []
	at calculator.TranslatorImplTest.testTranslateDummy(TranslatorImplTest.java:25)

testTranslateDummy(calculator.TranslatorImplTest)  Time elapsed: 0.163 s  <<< FAILURE!
java.lang.AssertionError: expected [Hola Mundo] but found []
	at calculator.TranslatorImplTest.testTranslateDummy(TranslatorImplTest.java:25)

testTranslateDummy(calculator.TranslatorImplTest)  Time elapsed: 0.045 s  <<< FAILURE!
java.lang.AssertionError: expected [Hola Mundo] but found []
	at calculator.TranslatorImplTest.testTranslateDummy(TranslatorImplTest.java:25)

testTranslateDummy(calculator.TranslatorImplTest)  Time elapsed: 0.043 s  <<< FAILURE!
java.lang.AssertionError: expected [Hola Mundo] but found []
	at calculator.TranslatorImplTest.testTranslateDummy(TranslatorImplTest.java:25)

testTranslateDummy(calculator.TranslatorImplTest)  Time elapsed: 0.024 s  <<< FAILURE!
java.lang.AssertionError: expected [Hola Mundo] but found []
	at calculator.TranslatorImplTest.testTranslateDummy(TranslatorImplTest.java:25)

testTranslateDummy(calculator.TranslatorImplTest)  Time elapsed: 0.566 s  <<< FAILURE!
java.lang.AssertionError: expected [Hola Mundo] but found []
	at calculator.TranslatorImplTest.testTranslateDummy(TranslatorImplTest.java:25)

testTranslateDummy(calculator.TranslatorImplTest)  Time elapsed: 0.079 s  <<< FAILURE!
java.lang.AssertionError: expected [Hola Mundo] but found []
	at calculator.TranslatorImplTest.testTranslateDummy(TranslatorImplTest.java:25)

testTranslateDummy(calculator.TranslatorImplTest)  Time elapsed: 0.12 s  <<< FAILURE!
java.lang.AssertionError: expected [Hola Mundo] but found []
	at calculator.TranslatorImplTest.testTranslateDummy(TranslatorImplTest.java:25)

testTranslateDummy(calculator.TranslatorImplTest)  Time elapsed: 0.061 s  <<< FAILURE!
java.lang.AssertionError: expected [Hola Mundo] but found []
	at calculator.TranslatorImplTest.testTranslateDummy(TranslatorImplTest.java:25)

testTranslateDummy(calculator.TranslatorImplTest)  Time elapsed: 0.147 s  <<< FAILURE!
java.lang.AssertionError: expected [Hola Mundo] but found []
	at calculator.TranslatorImplTest.testTranslateDummy(TranslatorImplTest.java:25)

testTranslateDummy(calculator.TranslatorImplTest)  Time elapsed: 0.422 s  <<< FAILURE!
java.lang.AssertionError: expected [Hola Mundo] but found []
	at calculator.TranslatorImplTest.testTranslateDummy(TranslatorImplTest.java:25)

testTranslateDummy(calculator.TranslatorImplTest)  Time elapsed: 0.081 s  <<< FAILURE!
java.lang.AssertionError: expected [Hola Mundo] but found []
	at calculator.TranslatorImplTest.testTranslateDummy(TranslatorImplTest.java:25)

testTranslateDummy(calculator.TranslatorImplTest)  Time elapsed: 0.121 s  <<< FAILURE!
java.lang.AssertionError: expected [Hola Mundo] but found []
	at calculator.TranslatorImplTest.testTranslateDummy(TranslatorImplTest.java:25)

testTranslateDummy(calculator.TranslatorImplTest)  Time elapsed: 0.001 s  <<< FAILURE!
java.lang.AssertionError: expected [Hola Mundo] but found []
	at calculator.TranslatorImplTest.testTranslateDummy(TranslatorImplTest.java:25)

testTranslateDummy(calculator.TranslatorImplTest)  Time elapsed: 0.189 s  <<< FAILURE!
java.lang.AssertionError: expected [Hola Mundo] but found []
	at calculator.TranslatorImplTest.testTranslateDummy(TranslatorImplTest.java:25)

testTranslateDummy(calculator.TranslatorImplTest)  Time elapsed: 0.404 s  <<< FAILURE!
java.lang.AssertionError: expected [Hola Mundo] but found []
	at calculator.TranslatorImplTest.testTranslateDummy(TranslatorImplTest.java:25)

testTranslateDummy(calculator.TranslatorImplTest)  Time elapsed: 0.069 s  <<< FAILURE!
java.lang.AssertionError: expected [Hola Mundo] but found []
	at calculator.TranslatorImplTest.testTranslateDummy(TranslatorImplTest.java:25)

testTranslateDummy(calculator.TranslatorImplTest)  Time elapsed: 0.16 s  <<< FAILURE!
java.lang.AssertionError: expected [Hola Mundo] but found []
	at calculator.TranslatorImplTest.testTranslateDummy(TranslatorImplTest.java:25)

testTranslateDummy(calculator.TranslatorImplTest)  Time elapsed: 0.169 s  <<< FAILURE!
java.lang.AssertionError: expected [Hola Mundo] but found []
	at calculator.TranslatorImplTest.testTranslateDummy(TranslatorImplTest.java:25)

testTranslateDummy(calculator.TranslatorImplTest)  Time elapsed: 0.38 s  <<< FAILURE!
java.lang.AssertionError: expected [Hola Mundo] but found []
	at calculator.TranslatorImplTest.testTranslateDummy(TranslatorImplTest.java:25)

testTranslateDummy(calculator.TranslatorImplTest)  Time elapsed: 0.79 s  <<< FAILURE!
java.lang.AssertionError: expected [Hola Mundo] but found []
	at calculator.TranslatorImplTest.testTranslateDummy(TranslatorImplTest.java:25)

