<?xml version="1.0" encoding="UTF-8"?>
<testsuite xmlns:xsi="http://www.w3.org/2001/XMLSchema-instance" xsi:noNamespaceSchemaLocation="https://maven.apache.org/surefire/maven-surefire-plugin/xsd/surefire-test-report.xsd" name="calculator.TranslatorImplTest" time="18.64" tests="100" errors="0" skipped="0" failures="100">
  <properties>
[...]
</properties>
  <testcase name="testTranslateDummy" classname="calculator.TranslatorImplTest" time="1.571">
    <failure message="expected [Hola Mundo] but found []" type="java.lang.AssertionError">java.lang.AssertionError: expected [Hola Mundo] but found []
	at calculator.TranslatorImplTest.testTranslateDummy(TranslatorImplTest.java:25)
</failure>
  </testcase>
  <testcase name="testTranslateDummy" classname="calculator.TranslatorImplTest" time="0.004">
    <failure message="expected [Hola Mundo] but found []" type="java.lang.AssertionError">java.lang.AssertionError: expected [Hola Mundo] but found []
	at calculator.TranslatorImplTest.testTranslateDummy(TranslatorImplTest.java:25)
</failure>
  </testcase>
  <testcase name="testTranslateDummy" classname="calculator.TranslatorImplTest" time="0.001">
    <failure message="expected [Hola Mundo] but found []" type="java.lang.AssertionError">java.lang.AssertionError: expected [Hola Mundo] but found []
	at calculator.TranslatorImplTest.testTranslateDummy(TranslatorImplTest.java:25)
</failure>
  </testcase>
  <testcase name="testTranslateDummy" classname="calculator.TranslatorImplTest" time="0.005">
    <failure message="expected [Hola Mundo] but found []" type="java.lang.AssertionError">java.lang.AssertionError: expected [Hola Mundo] but found []
	at calculator.TranslatorImplTest.testTranslateDummy(TranslatorImplTest.java:25)
</failure>
  </testcase>
  <testcase name="testTranslateDummy" classname="calculator.TranslatorImplTest" time="0.1">
    <failure message="expected [Hola Mundo] but found []" type="java.lang.AssertionError">java.lang.AssertionError: expected [Hola Mundo] but found []
	at calculator.TranslatorImplTest.testTranslateDummy(TranslatorImplTest.java:25)
</failure>
  </testcase>
  <testcase name="testTranslateDummy" classname="calculator.TranslatorImplTest" time="0.653">
    <failure message="expected [Hola Mundo] but found []" type="java.lang.AssertionError">java.lang.AssertionError: expected [Hola Mundo] but found []
	at calculator.TranslatorImplTest.testTranslateDummy(TranslatorImplTest.java:25)
</failure>
  </testcase>
  <testcase name="testTranslateDummy" classname="calculator.TranslatorImplTest" time="0.133">
    <failure message="expected [Hola Mundo] but found []" type="java.lang.AssertionError">java.lang.AssertionError: expected [Hola Mundo] but found []
	at calculator.TranslatorImplTest.testTranslateDummy(TranslatorImplTest.java:25)
</failure>
  </testcase>
  <testcase name="testTranslateDummy" classname="calculator.TranslatorImplTest" time="0.127">
    <failure message="expected [Hola Mundo] but found []" type="java.lang.AssertionError">java.lang.AssertionError: expected [Hola Mundo] but found []
	at calculator.TranslatorImplTest.testTranslateDummy(TranslatorImplTest.java:25)
</failure>
  </testcase>
  <testcase name="testTranslateDummy" classname="calculator.TranslatorImplTest" time="0.127">
    <failure message="expected [Hola Mundo] but found []" type="java.lang.AssertionError">java.lang.AssertionError: expected [Hola Mundo] but found []
	at calculator.TranslatorImplTest.testTranslateDummy(TranslatorImplTest.java:25)
</failure>
  </testcase>
  <testcase name="testTranslateDummy" classname="calculator.TranslatorImplTest" time="0.052">
    <failure message="expected [Hola Mundo] but found []" type="java.lang.AssertionError">java.lang.AssertionError: expected [Hola Mundo] but found []
	at calculator.TranslatorImplTest.testTranslateDummy(TranslatorImplTest.java:25)
</failure>
  </testcase>
  <testcase name="testTranslateDummy" classname="calculator.TranslatorImplTest" time="0.555">
    <failure message="expected [Hola Mundo] but found []" type="java.lang.AssertionError">java.lang.AssertionError: expected [Hola Mundo] but found []
	at calculator.TranslatorImplTest.testTranslateDummy(TranslatorImplTest.java:25)
</failure>
  </testcase>
  <testcase name="testTranslateDummy" classname="calculator.TranslatorImplTest" time="0.057">
    <failure message="expected [Hola Mundo] but found []" type="java.lang.AssertionError">java.lang.AssertionError: expected [Hola Mundo] but found []
	at calculator.TranslatorImplTest.testTranslateDummy(TranslatorImplTest.java:25)
</failure>
  </testcase>
  <testcase name="testTranslateDummy" classname="calculator.TranslatorImplTest" time="0.155">
    <failure message="expected [Hola Mundo] but found []" type="java.lang.AssertionError">java.lang.AssertionError: expected [Hola Mundo] but found []
	at calculator.TranslatorImplTest.testTranslateDummy(TranslatorImplTest.java:25)
</failure>
  </testcase>
  <testcase name="testTranslateDummy" classname="calculator.TranslatorImplTest" time="0.022">
    <failure message="expected [Hola Mundo] but found []" type="java.lang.AssertionError">java.lang.AssertionError: expected [Hola Mundo] but found []
	at calculator.TranslatorImplTest.testTranslateDummy(TranslatorImplTest.java:25)
</failure>
  </testcase>
  <testcase name="testTranslateDummy" classname="calculator.TranslatorImplTest" time="0.039">
    <failure message="expected [Hola Mundo] but found []" type="java.lang.AssertionError">java.lang.AssertionError: expected [Hola Mundo] but found []
	at calculator.TranslatorImplTest.testTranslateDummy(TranslatorImplTest.java:25)
</failure>
  </testcase>
  <testcase name="testTranslateDummy" classname="calculator.TranslatorImplTest" time="0.463">
    <failure message="expected [Hola Mundo] but found []" type="java.lang.AssertionError">java.lang.AssertionError: expected [Hola Mundo] but found []
	at calculator.TranslatorImplTest.testTranslateDummy(TranslatorImplTest.java:25)
</failure>
  </testcase>
  <testcase name="testTranslateDummy" classname="calculator.TranslatorImplTest" time="0.11">
    <failure message="expected [Hola Mundo] but found []" type="java.lang.AssertionError">java.lang.AssertionError: expected [Hola Mundo] but found []
	at calculator.TranslatorImplTest.testTranslateDummy(TranslatorImplTest.java:25)
</failure>
  </testcase>
  <testcase name="testTranslateDummy" classname="calculator.TranslatorImplTest" time="0.157">
    <failure message="expected [Hola Mundo] but found []" type="java.lang.AssertionError">java.lang.AssertionError: expected [Hola Mundo] but found []
	at calculator.TranslatorImplTest.testTranslateDummy(TranslatorImplTest.java:25)
</failure>
  </testcase>
  <testcase name="testTranslateDummy" classname="calculator.TranslatorImplTest" time="0.043">
    <failure message="expected [Hola Mundo] but found []" type="java.lang.AssertionError">java.lang.AssertionError: expected [Hola Mundo] but found []
	at calculator.TranslatorImplTest.testTranslateDummy(TranslatorImplTest.java:25)
</failure>
  </testcase>
  <testcase name="testTranslateDummy" classname="calculator.TranslatorImplTest" time="0.048">
    <failure message="expected [Hola Mundo] but found []" type="java.lang.AssertionError">java.lang.AssertionError: expected [Hola Mundo] but found []
	at calculator.TranslatorImplTest.testTranslateDummy(TranslatorImplTest.java:25)
</failure>
  </testcase>
  <testcase name="testTranslateDummy" classname="calculator.TranslatorImplTest" time="0.428">
    <failure message="expected [Hola Mundo] but found []" type="java.lang.AssertionError">java.lang.AssertionError: expected [Hola Mundo] but found []
	at calculator.TranslatorImplTest.testTranslateDummy(TranslatorImplTest.java:25)
</failure>
  </testcase>
  <testcase name="testTranslateDummy" classname="calculator.TranslatorImplTest" time="0.136">
    <failure message="expected [Hola Mundo] but found []" type="java.lang.AssertionError">java.lang.AssertionError: expected [Hola Mundo] but found []
	at calculator.TranslatorImplTest.testTranslateDummy(TranslatorImplTest.java:25)
</failure>
  </testcase>
  <testcase name="testTranslateDummy" classname="calculator.TranslatorImplTest" time="0.113">
    <failure message="expected [Hola Mundo] but found []" type="java.lang.AssertionError">java.lang.AssertionError: expected [Hola Mundo] but found []
	at calculator.TranslatorImplTest.testTranslateDummy(TranslatorImplTest.java:25)
</failure>
  </testcase>
  <testcase name="testTranslateDummy" classname="calculator.TranslatorImplTest" time="0.022">
    <failure message="expected [Hola Mundo] but found []" type="java.lang.AssertionError">java.lang.AssertionError: expected [Hola Mundo] but found []
	at calculator.TranslatorImplTest.testTranslateDummy(TranslatorImplTest.java:25)
</failure>
  </testcase>
  <testcase name="testTranslateDummy" classname="calculator.TranslatorImplTest" time="0.151">
    <failure message="expected [Hola Mundo] but found []" type="java.lang.AssertionError">java.lang.AssertionError: expected [Hola Mundo] but found []
	at calculator.TranslatorImplTest.testTranslateDummy(TranslatorImplTest.java:25)
</failure>
  </testcase>
  <testcase name="testTranslateDummy" classname="calculator.TranslatorImplTest" time="0.464">
    <failure message="expected [Hola Mundo] but found []" type="java.lang.AssertionError">java.lang.AssertionError: expected [Hola Mundo] but found []
	at calculator.TranslatorImplTest.testTranslateDummy(TranslatorImplTest.java:25)
</failure>
  </testcase>
  <testcase name="testTranslateDummy" classname="calculator.TranslatorImplTest" time="0.003">
    <failure message="expected [Hola Mundo] but found []" type="java.lang.AssertionError">java.lang.AssertionError: expected [Hola Mundo] but found []
	at calculator.TranslatorImplTest.testTranslateDummy(TranslatorImplTest.java:25)
</failure>
  </testcase>
  <testcase name="testTranslateDummy" classname="calculator.TranslatorImplTest" time="0.17">
    <failure message="expected [Hola Mundo] but found []" type="java.lang.AssertionError">java.lang.AssertionError: expected [Hola Mundo] but found []
	at calculator.TranslatorImplTest.testTranslateDummy(TranslatorImplTest.java:25)
</failure>
  </testcase>
  <testcase name="testTranslateDummy" classname="calculator.TranslatorImplTest" time="0.046">
    <failure message="expected [Hola Mundo] but found []" type="java.lang.AssertionError">java.lang.AssertionError: expected [Hola Mundo] but found []
	at calculator.TranslatorImplTest.testTranslateDummy(TranslatorImplTest.java:25)
</failure>
  </testcase>
  <testcase name="testTranslateDummy" classname="calculator.TranslatorImplTest" time="0.41">
    <failure message="expected [Hola Mundo] but found []" type="java.lang.AssertionError">java.lang.AssertionError: expected [Hola Mundo] but found []
	at calculator.TranslatorImplTest.testTranslateDummy(TranslatorImplTest.java:25)
</failure>
  </testcase>
  <testcase name="testTranslateDummy" classname="calculator.TranslatorImplTest" time="0.17">
    <failure message="expected [Hola Mundo] but found []" type="java.lang.AssertionError">java.lang.AssertionError: expected [Hola Mundo] but found []
	at calculator.TranslatorImplTest.testTranslateDummy(TranslatorImplTest.java:25)
</failure>
  </testcase>
  <testcase name="testTranslateDummy" classname="calculator.TranslatorImplTest" time="0.119">
    <failure message="expected [Hola Mundo] but found []" type="java.lang.AssertionError">java.lang.AssertionError: expected [Hola Mundo] but found []
	at calculator.TranslatorImplTest.testTranslateDummy(TranslatorImplTest.java:25)
</failure>
  </testcase>
  <testcase name="testTranslateDummy" classname="calculator.TranslatorImplTest" time="0.107">
    <failure message="expected [Hola Mundo] but found []" type="java.lang.AssertionError">java.lang.AssertionError: expected [Hola Mundo] but found []
	at calculator.TranslatorImplTest.testTranslateDummy(TranslatorImplTest.java:25)
</failure>
  </testcase>
  <testcase name="testTranslateDummy" classname="calculator.TranslatorImplTest" time="0.054">
    <failure message="expected [Hola Mundo] but found []" type="java.lang.AssertionError">java.lang.AssertionError: expected [Hola Mundo] but found []
	at calculator.TranslatorImplTest.testTranslateDummy(TranslatorImplTest.java:25)
</failure>
  </testcase>
  <testcase name="testTranslateDummy" classname="calculator.TranslatorImplTest" time="0.337">
    <failure message="expected [Hola Mundo] but found []" type="java.lang.AssertionError">java.lang.AssertionError: expected [Hola Mundo] but found []
	at calculator.TranslatorImplTest.testTranslateDummy(TranslatorImplTest.java:25)
</failure>
  </testcase>
  <testcase name="testTranslateDummy" classname="calculator.TranslatorImplTest" time="0.138">
    <failure message="expected [Hola Mundo] but found []" type="java.lang.AssertionError">java.lang.AssertionError: expected [Hola Mundo] but found []
	at calculator.TranslatorImplTest.testTranslateDummy(TranslatorImplTest.java:25)
</failure>
  </testcase>
  <testcase name="testTranslateDummy" classname="calculator.TranslatorImplTest" time="0.177">
    <failure message="expected [Hola Mundo] but found []" type="java.lang.AssertionError">java.lang.AssertionError: expected [Hola Mundo] but found []
	at calculator.TranslatorImplTest.testTranslateDummy(TranslatorImplTest.java:25)
</failure>
  </testcase>
  <testcase name="testTranslateDummy" classname="calculator.TranslatorImplTest" time="0.058">
    <failure message="expected [Hola Mundo] but found []" type="java.lang.AssertionError">java.lang.AssertionError: expected [Hola Mundo] but found []
	at calculator.TranslatorImplTest.testTranslateDummy(TranslatorImplTest.java:25)
</failure>
  </testcase>
  <testcase name="testTranslateDummy" classname="calculator.TranslatorImplTest" time="0.069">
    <failure message="expected [Hola Mundo] but found []" type="java.lang.AssertionError">java.lang.AssertionError: expected [Hola Mundo] but found []
	at calculator.TranslatorImplTest.testTranslateDummy(TranslatorImplTest.java:25)
</failure>
  </testcase>
  <testcase name="testTranslateDummy" classname="calculator.TranslatorImplTest" time="0.27">
    <failure message="expected [Hola Mundo] but found []" type="java.lang.AssertionError">java.lang.AssertionError: expected [Hola Mundo] but found []
	at calculator.TranslatorImplTest.testTranslateDummy(TranslatorImplTest.java:25)
</failure>
  </testcase>
  <testcase name="testTranslateDummy" classname="calculator.TranslatorImplTest" time="0.263">
    <failure message="expected [Hola Mundo] but found []" type="java.lang.AssertionError">java.lang.AssertionError: expected [Hola Mundo] but found []
	at calculator.TranslatorImplTest.testTranslateDummy(TranslatorImplTest.java:25)
</failure>
  </testcase>
  <testcase name="testTranslateDummy" classname="calculator.TranslatorImplTest" time="0.161">
    <failure message="expected [Hola Mundo] but found []" type="java.lang.AssertionError">java.lang.AssertionError: expected [Hola Mundo] but found []
	at calculator.TranslatorImplTest.testTranslateDummy(TranslatorImplTest.java:25)
</failure>
  </testcase>
  <testcase name="testTranslateDummy" classname="calculator.TranslatorImplTest" time="0.048">
    <failure message="expected [Hola Mundo] but found []" type="java.lang.AssertionError">java.lang.AssertionError: expected [Hola Mundo] but found []
	at calculator.TranslatorImplTest.testTranslateDummy(TranslatorImplTest.java:25)
</failure>
  </testcase>
  <testcase name="testTranslateDummy" classname="calculator.TranslatorImplTest" time="0.009">
    <failure message="expected [Hola Mundo] but found []" type="java.lang.AssertionError">java.lang.AssertionError: expected [Hola Mundo] but found []
	at calculator.TranslatorImplTest.testTranslateDummy(TranslatorImplTest.java:25)
</failure>
  </testcase>
  <testcase name="testTranslateDummy" classname="calculator.TranslatorImplTest" time="0.323">
    <failure message="expected [Hola Mundo] but found []" type="java.lang.AssertionError">java.lang.AssertionError: expected [Hola Mundo] but found []
	at calculator.TranslatorImplTest.testTranslateDummy(TranslatorImplTest.java:25)
</failure>
  </testcase>
  <testcase name="testTranslateDummy" classname="calculator.TranslatorImplTest" time="0.292">
    <failure message="expected [Hola Mundo] but found []" type="java.lang.AssertionError">java.lang.AssertionError: expected [Hola Mundo] but found []
	at calculator.TranslatorImplTest.testTranslateDummy(TranslatorImplTest.java:25)
</failure>
  </testcase>
  <testcase name="testTranslateDummy" classname="calculator.TranslatorImplTest" time="0.126">
    <failure message="expected [Hola Mundo] but found []" type="java.lang.AssertionError">java.lang.AssertionError: expected [Hola Mundo] but found []
	at calculator.TranslatorImplTest.testTranslateDummy(TranslatorImplTest.java:25)
</failure>
  </testcase>
  <testcase name="testTranslateDummy" classname="calculator.TranslatorImplTest" time="0.032">
    <failure message="expected [Hola Mundo] but found []" type="java.lang.AssertionError">java.lang.AssertionError: expected [Hola Mundo] but found []
	at calculator.TranslatorImplTest.testTranslateDummy(TranslatorImplTest.java:25)
</failure>
  </testcase>
  <testcase name="testTranslateDummy" classname="calculator.TranslatorImplTest" time="0.189">
    <failure message="expected [Hola Mundo] but found []" type="java.lang.AssertionError">java.lang.AssertionError: expected [Hola Mundo] but found []
	at calculator.TranslatorImplTest.testTranslateDummy(TranslatorImplTest.java:25)
</failure>
  </testcase>
  <testcase name="testTranslateDummy" classname="calculator.TranslatorImplTest" time="0.066">
    <failure message="expected [Hola Mundo] but found []" type="java.lang.AssertionError">java.lang.AssertionError: expected [Hola Mundo] but found []
	at calculator.TranslatorImplTest.testTranslateDummy(TranslatorImplTest.java:25)
</failure>
  </testcase>
  <testcase name="testTranslateDummy" classname="calculator.TranslatorImplTest" time="0.435">
    <failure message="expected [Hola Mundo] but found []" type="java.lang.AssertionError">java.lang.AssertionError: expected [Hola Mundo] but found []
	at calculator.TranslatorImplTest.testTranslateDummy(TranslatorImplTest.java:25)
</failure>
  </testcase>
  <testcase name="testTranslateDummy" classname="calculator.TranslatorImplTest" time="0.082">
    <failure message="expected [Hola Mundo] but found []" type="java.lang.AssertionError">java.lang.AssertionError: expected [Hola Mundo] but found []
	at calculator.TranslatorImplTest.testTranslateDummy(TranslatorImplTest.java:25)
</failure>
  </testcase>
  <testcase name="testTranslateDummy" classname="calculator.TranslatorImplTest" time="0.179">
    <failure message="expected [Hola Mundo] but found []" type="java.lang.AssertionError">java.lang.AssertionError: expected [Hola Mundo] but found []
	at calculator.TranslatorImplTest.testTranslateDummy(TranslatorImplTest.java:25)
</failure>
  </testcase>
  <testcase name="testTranslateDummy" classname="calculator.TranslatorImplTest" time="0.037">
    <failure message="expected [Hola Mundo] but found []" type="java.lang.AssertionError">java.lang.AssertionError: expected [Hola Mundo] but found []
	at calculator.TranslatorImplTest.testTranslateDummy(TranslatorImplTest.java:25)
</failure>
  </testcase>
  <testcase name="testTranslateDummy" classname="calculator.TranslatorImplTest" time="0.423">
    <failure message="expected [Hola Mundo] but found []" type="java.lang.AssertionError">java.lang.AssertionError: expected [Hola Mundo] but found []
	at calculator.TranslatorImplTest.testTranslateDummy(TranslatorImplTest.java:25)
</failure>
  </testcase>
  <testcase name="testTranslateDummy" classname="calculator.TranslatorImplTest" time="0.04">
    <failure message="expected [Hola Mundo] but found []" type="java.lang.AssertionError">java.lang.AssertionError: expected [Hola Mundo] but found []
	at calculator.TranslatorImplTest.testTranslateDummy(TranslatorImplTest.java:25)
</failure>
  </testcase>
  <testcase name="testTranslateDummy" classname="calculator.TranslatorImplTest" time="0.092">
    <failure message="expected [Hola Mundo] but found []" type="java.lang.AssertionError">java.lang.AssertionError: expected [Hola Mundo] but found []
	at calculator.TranslatorImplTest.testTranslateDummy(TranslatorImplTest.java:25)
</failure>
  </testcase>
  <testcase name="testTranslateDummy" classname="calculator.TranslatorImplTest" time="0.221">
    <failure message="expected [Hola Mundo] but found []" type="java.lang.AssertionError">java.lang.AssertionError: expected [Hola Mundo] but found []
	at calculator.TranslatorImplTest.testTranslateDummy(TranslatorImplTest.java:25)
</failure>
  </testcase>
  <testcase name="testTranslateDummy" classname="calculator.TranslatorImplTest" time="0.013">
    <failure message="expected [Hola Mundo] but found []" type="java.lang.AssertionError">java.lang.AssertionError: expected [Hola Mundo] but found []
	at calculator.TranslatorImplTest.testTranslateDummy(TranslatorImplTest.java:25)
</failure>
  </testcase>
  <testcase name="testTranslateDummy" classname="calculator.TranslatorImplTest" time="0.396">
    <failure message="expected [Hola Mundo] but found []" type="java.lang.AssertionError">java.lang.AssertionError: expected [Hola Mundo] but found []
	at calculator.TranslatorImplTest.testTranslateDummy(TranslatorImplTest.java:25)
</failure>
  </testcase>
  <testcase name="testTranslateDummy" classname="calculator.TranslatorImplTest" time="0.051">
    <failure message="expected [Hola Mundo] but found []" type="java.lang.AssertionError">java.lang.AssertionError: expected [Hola Mundo] but found []
	at calculator.TranslatorImplTest.testTranslateDummy(TranslatorImplTest.java:25)
</failure>
  </testcase>
  <testcase name="testTranslateDummy" classname="calculator.TranslatorImplTest" time="0.09">
    <failure message="expected [Hola Mundo] but found []" type="java.lang.AssertionError">java.lang.AssertionError: expected [Hola Mundo] but found []
	at calculator.TranslatorImplTest.testTranslateDummy(TranslatorImplTest.java:25)
</failure>
  </testcase>
  <testcase name="testTranslateDummy" classname="calculator.TranslatorImplTest" time="0.245">
    <failure message="expected [Hola Mundo] but found []" type="java.lang.AssertionError">java.lang.AssertionError: expected [Hola Mundo] but found []
	at calculator.TranslatorImplTest.testTranslateDummy(TranslatorImplTest.java:25)
</failure>
  </testcase>
  <testcase name="testTranslateDummy" classname="calculator.TranslatorImplTest" time="0.068">
    <failure message="expected [Hola Mundo] but found []" type="java.lang.AssertionError">java.lang.AssertionError: expected [Hola Mundo] but found []
	at calculator.TranslatorImplTest.testTranslateDummy(TranslatorImplTest.java:25)
</failure>
  </testcase>
  <testcase name="testTranslateDummy" classname="calculator.TranslatorImplTest" time="0.35">
    <failure message="expected [Hola Mundo] but found []" type="java.lang.AssertionError">java.lang.AssertionError: expected [Hola Mundo] but found []
	at calculator.TranslatorImplTest.testTranslateDummy(TranslatorImplTest.java:25)
</failure>
  </testcase>
  <testcase name="testTranslateDummy" classname="calculator.TranslatorImplTest" time="0.028">
    <failure message="expected [Hola Mundo] but found []" type="java.lang.AssertionError">java.lang.AssertionError: expected [Hola Mundo] but found []
	at calculator.TranslatorImplTest.testTranslateDummy(TranslatorImplTest.java:25)
</failure>
  </testcase>
  <testcase name="testTranslateDummy" classname="calculator.TranslatorImplTest" time="0.231">
    <failure message="expected [Hola Mundo] but found []" type="java.lang.AssertionError">java.lang.AssertionError: expected [Hola Mundo] but found []
	at calculator.TranslatorImplTest.testTranslateDummy(TranslatorImplTest.java:25)
</failure>
  </testcase>
  <testcase name="testTranslateDummy" classname="calculator.TranslatorImplTest" time="0.112">
    <failure message="expected [Hola Mundo] but found []" type="java.lang.AssertionError">java.lang.AssertionError: expected [Hola Mundo] but found []
	at calculator.TranslatorImplTest.testTranslateDummy(TranslatorImplTest.java:25)
</failure>
  </testcase>
  <testcase name="testTranslateDummy" classname="calculator.TranslatorImplTest" time="0.078">
    <failure message="expected [Hola Mundo] but found []" type="java.lang.AssertionError">java.lang.AssertionError: expected [Hola Mundo] but found []
	at calculator.TranslatorImplTest.testTranslateDummy(TranslatorImplTest.java:25)
</failure>
  </testcase>
  <testcase name="testTranslateDummy" classname="calculator.TranslatorImplTest" time="0.331">
    <failure message="expected [Hola Mundo] but found []" type="java.lang.AssertionError">java.lang.AssertionError: expected [Hola Mundo] but found []
	at calculator.TranslatorImplTest.testTranslateDummy(TranslatorImplTest.java:25)
</failure>
  </testcase>
  <testcase name="testTranslateDummy" classname="calculator.TranslatorImplTest" time="0.137">
    <failure message="expected [Hola Mundo] but found []" type="java.lang.AssertionError">java.lang.AssertionError: expected [Hola Mundo] but found []
	at calculator.TranslatorImplTest.testTranslateDummy(TranslatorImplTest.java:25)
</failure>
  </testcase>
  <testcase name="testTranslateDummy" classname="calculator.TranslatorImplTest" time="0.266">
    <failure message="expected [Hola Mundo] but found []" type="java.lang.AssertionError">java.lang.AssertionError: expected [Hola Mundo] but found []
	at calculator.TranslatorImplTest.testTranslateDummy(TranslatorImplTest.java:25)
</failure>
  </testcase>
  <testcase name="testTranslateDummy" classname="calculator.TranslatorImplTest" time="0.023">
    <failure message="expected [Hola Mundo] but found []" type="java.lang.AssertionError">java.lang.AssertionError: expected [Hola Mundo] but found []
	at calculator.TranslatorImplTest.testTranslateDummy(TranslatorImplTest.java:25)
</failure>
  </testcase>
  <testcase name="testTranslateDummy" classname="calculator.TranslatorImplTest" time="0.093">
    <failure message="expected [Hola Mundo] but found []" type="java.lang.AssertionError">java.lang.AssertionError: expected [Hola Mundo] but found []
	at calculator.TranslatorImplTest.testTranslateDummy(TranslatorImplTest.java:25)
</failure>
  </testcase>
  <testcase name="testTranslateDummy" classname="calculator.TranslatorImplTest" time="0.515">
    <failure message="expected [Hola Mundo] but found []" type="java.lang.AssertionError">java.lang.AssertionError: expected [Hola Mundo] but found []
	at calculator.TranslatorImplTest.testTranslateDummy(TranslatorImplTest.java:25)
</failure>
  </testcase>
  <testcase name="testTranslateDummy" classname="calculator.TranslatorImplTest" time="0.089">
    <failure message="expected [Hola Mundo] but found []" type="java.lang.AssertionError">java.lang.AssertionError: expected [Hola Mundo] but found []
	at calculator.TranslatorImplTest.testTranslateDummy(TranslatorImplTest.java:25)
</failure>
  </testcase>
  <testcase name="testTranslateDummy" classname="calculator.TranslatorImplTest" time="0.082">
    <failure message="expected [Hola Mundo] but found []" type="java.lang.AssertionError">java.lang.AssertionError: expected [Hola Mundo] but found []
	at calculator.TranslatorImplTest.testTranslateDummy(TranslatorImplTest.java:25)
</failure>
  </testcase>
  <testcase name="testTranslateDummy" classname="calculator.TranslatorImplTest" time="0.051">
    <failure message="expected [Hola Mundo] but found []" type="java.lang.AssertionError">java.lang.AssertionError: expected [Hola Mundo] but found []
	at calculator.TranslatorImplTest.testTranslateDummy(TranslatorImplTest.java:25)
</failure>
  </testcase>
  <testcase name="testTranslateDummy" classname="calculator.TranslatorImplTest" time="0.078">
    <failure message="expected [Hola Mundo] but found []" type="java.lang.AssertionError">java.lang.AssertionError: expected [Hola Mundo] but found []
	at calculator.TranslatorImplTest.testTranslateDummy(TranslatorImplTest.java:25)
</failure>
  </testcase>
  <testcase name="testTranslateDummy" classname="calculator.TranslatorImplTest" time="0.479">
    <failure message="expected [Hola Mundo] but found []" type="java.lang.AssertionError">java.lang.AssertionError: expected [Hola Mundo] but found []
	at calculator.TranslatorImplTest.testTranslateDummy(TranslatorImplTest.java:25)
</failure>
  </testcase>
  <testcase name="testTranslateDummy" classname="calculator.TranslatorImplTest" time="0.163">
    <failure message="expected [Hola Mundo] but found []" type="java.lang.AssertionError">java.lang.AssertionError: expected [Hola Mundo] but found []
	at calculator.TranslatorImplTest.testTranslateDummy(TranslatorImplTest.java:25)
</failure>
  </testcase>
  <testcase name="testTranslateDummy" classname="calculator.TranslatorImplTest" time="0.045">
    <failure message="expected [Hola Mundo] but found []" type="java.lang.AssertionError">java.lang.AssertionError: expected [Hola Mundo] but found []
	at calculator.TranslatorImplTest.testTranslateDummy(TranslatorImplTest.java:25)
</failure>
  </testcase>
  <testcase name="testTranslateDummy" classname="calculator.TranslatorImplTest" time="0.043">
    <failure message="expected [Hola Mundo] but found []" type="java.lang.AssertionError">java.lang.AssertionError: expected [Hola Mundo] but found []
	at calculator.TranslatorImplTest.testTranslateDummy(TranslatorImplTest.java:25)
</failure>
  </testcase>
  <testcase name="testTranslateDummy" classname="calculator.TranslatorImplTest" time="0.024">
    <failure message="expected [Hola Mundo] but found []" type="java.lang.AssertionError">java.lang.AssertionError: expected [Hola Mundo] but found []
	at calculator.TranslatorImplTest.testTranslateDummy(TranslatorImplTest.java:25)
</failure>
  </testcase>
  <testcase name="testTranslateDummy" classname="calculator.TranslatorImplTest" time="0.566">
    <failure message="expected [Hola Mundo] but found []" type="java.lang.AssertionError">java.lang.AssertionError: expected [Hola Mundo] but found []
	at calculator.TranslatorImplTest.testTranslateDummy(TranslatorImplTest.java:25)
</failure>
  </testcase>
  <testcase name="testTranslateDummy" classname="calculator.TranslatorImplTest" time="0.079">
    <failure message="expected [Hola Mundo] but found []" type="java.lang.AssertionError">java.lang.AssertionError: expected [Hola Mundo] but found []
	at calculator.TranslatorImplTest.testTranslateDummy(TranslatorImplTest.java:25)
</failure>
  </testcase>
  <testcase name="testTranslateDummy" classname="calculator.TranslatorImplTest" time="0.12">
    <failure message="expected [Hola Mundo] but found []" type="java.lang.AssertionError">java.lang.AssertionError: expected [Hola Mundo] but found []
	at calculator.TranslatorImplTest.testTranslateDummy(TranslatorImplTest.java:25)
</failure>
  </testcase>
  <testcase name="testTranslateDummy" classname="calculator.TranslatorImplTest" time="0.061">
    <failure message="expected [Hola Mundo] but found []" type="java.lang.AssertionError">java.lang.AssertionError: expected [Hola Mundo] but found []
	at calculator.TranslatorImplTest.testTranslateDummy(TranslatorImplTest.java:25)
</failure>
  </testcase>
  <testcase name="testTranslateDummy" classname="calculator.TranslatorImplTest" time="0.147">
    <failure message="expected [Hola Mundo] but found []" type="java.lang.AssertionError">java.lang.AssertionError: expected [Hola Mundo] but found []
	at calculator.TranslatorImplTest.testTranslateDummy(TranslatorImplTest.java:25)
</failure>
  </testcase>
  <testcase name="testTranslateDummy" classname="calculator.TranslatorImplTest" time="0.422">
    <failure message="expected [Hola Mundo] but found []" type="java.lang.AssertionError">java.lang.AssertionError: expected [Hola Mundo] but found []
	at calculator.TranslatorImplTest.testTranslateDummy(TranslatorImplTest.java:25)
</failure>
  </testcase>
  <testcase name="testTranslateDummy" classname="calculator.TranslatorImplTest" time="0.081">
    <failure message="expected [Hola Mundo] but found []" type="java.lang.AssertionError">java.lang.AssertionError: expected [Hola Mundo] but found []
	at calculator.TranslatorImplTest.testTranslateDummy(TranslatorImplTest.java:25)
</failure>
  </testcase>
  <testcase name="testTranslateDummy" classname="calculator.TranslatorImplTest" time="0.121">
    <failure message="expected [Hola Mundo] but found []" type="java.lang.AssertionError">java.lang.AssertionError: expected [Hola Mundo] but found []
	at calculator.TranslatorImplTest.testTranslateDummy(TranslatorImplTest.java:25)
</failure>
  </testcase>
  <testcase name="testTranslateDummy" classname="calculator.TranslatorImplTest" time="0.001">
    <failure message="expected [Hola Mundo] but found []" type="java.lang.AssertionError">java.lang.AssertionError: expected [Hola Mundo] but found []
	at calculator.TranslatorImplTest.testTranslateDummy(TranslatorImplTest.java:25)
</failure>
  </testcase>
  <testcase name="testTranslateDummy" classname="calculator.TranslatorImplTest" time="0.189">
    <failure message="expected [Hola Mundo] but found []" type="java.lang.AssertionError">java.lang.AssertionError: expected [Hola Mundo] but found []
	at calculator.TranslatorImplTest.testTranslateDummy(TranslatorImplTest.java:25)
</failure>
  </testcase>
  <testcase name="testTranslateDummy" classname="calculator.TranslatorImplTest" time="0.404">
    <failure message="expected [Hola Mundo] but found []" type="java.lang.AssertionError">java.lang.AssertionError: expected [Hola Mundo] but found []
	at calculator.TranslatorImplTest.testTranslateDummy(TranslatorImplTest.java:25)
</failure>
  </testcase>
  <testcase name="testTranslateDummy" classname="calculator.TranslatorImplTest" time="0.069">
    <failure message="expected [Hola Mundo] but found []" type="java.lang.AssertionError">java.lang.AssertionError: expected [Hola Mundo] but found []
	at calculator.TranslatorImplTest.testTranslateDummy(TranslatorImplTest.java:25)
</failure>
  </testcase>
  <testcase name="testTranslateDummy" classname="calculator.TranslatorImplTest" time="0.16">
    <failure message="expected [Hola Mundo] but found []" type="java.lang.AssertionError">java.lang.AssertionError: expected [Hola Mundo] but found []
	at calculator.TranslatorImplTest.testTranslateDummy(TranslatorImplTest.java:25)
</failure>
  </testcase>
  <testcase name="testTranslateDummy" classname="calculator.TranslatorImplTest" time="0.169">
    <failure message="expected [Hola Mundo] but found []" type="java.lang.AssertionError">java.lang.AssertionError: expected [Hola Mundo] but found []
	at calculator.TranslatorImplTest.testTranslateDummy(TranslatorImplTest.java:25)
</failure>
  </testcase>
  <testcase name="testTranslateDummy" classname="calculator.TranslatorImplTest" time="0.38">
    <failure message="expected [Hola Mundo] but found []" type="java.lang.AssertionError">java.lang.AssertionError: expected [Hola Mundo] but found []
	at calculator.TranslatorImplTest.testTranslateDummy(TranslatorImplTest.java:25)
</failure>
  </testcase>
  <testcase name="testTranslateDummy" classname="calculator.TranslatorImplTest" time="0.79">
    <failure message="expected [Hola Mundo] but found []" type="java.lang.AssertionError">java.lang.AssertionError: expected [Hola Mundo] but found []
	at calculator.TranslatorImplTest.testTranslateDummy(TranslatorImplTest.java:25)
</failure>
  </testcase>
</testsuite>